TN:
SF:/Users/sashaboginsky/Desktop/public lab/Leaflet.DistortableImage/src/DistortableCollection.js
FN:12,initialize
FN:18,onAdd
FN:34,onRemove
FN:42,_addEvents
FN:55,_removeEvents
FN:66,_longPressMultiSelect
FN:72,(anonymous_6)
FN:88,isCollected
FN:91,anyCollected
FN:95,_toggleCollected
FN:109,_deselectOthers
FN:114,(anonymous_11)
FN:126,_dragStartMultiple
FN:135,(anonymous_13)
FN:145,_dragMultiple
FN:159,_toRemove
FN:161,(anonymous_16)
FN:166,_toMove
FN:168,(anonymous_18)
FN:173,_updateCollectionFromPoints
FN:178,(anonymous_20)
FN:188,_getAvgCmPerPixel
FN:189,(anonymous_22)
FN:194,generateExportJson
FN:197,(anonymous_24)
FN:233,(anonymous_25)
FNF:26
FNH:12
FNDA:22,initialize
FNDA:22,onAdd
FNDA:0,onRemove
FNDA:66,_addEvents
FNDA:66,_removeEvents
FNDA:0,_longPressMultiSelect
FNDA:0,(anonymous_6)
FNDA:232,isCollected
FNDA:119,anyCollected
FNDA:29,_toggleCollected
FNDA:29,_deselectOthers
FNDA:87,(anonymous_11)
FNDA:0,_dragStartMultiple
FNDA:0,(anonymous_13)
FNDA:0,_dragMultiple
FNDA:2,_toRemove
FNDA:6,(anonymous_16)
FNDA:0,_toMove
FNDA:0,(anonymous_18)
FNDA:0,_updateCollectionFromPoints
FNDA:0,(anonymous_20)
FNDA:0,_getAvgCmPerPixel
FNDA:0,(anonymous_22)
FNDA:0,generateExportJson
FNDA:0,(anonymous_24)
FNDA:22,(anonymous_25)
DA:3,1
DA:13,22
DA:14,22
DA:15,22
DA:16,22
DA:19,22
DA:20,22
DA:22,22
DA:23,22
DA:31,22
DA:32,22
DA:35,0
DA:36,0
DA:39,0
DA:40,0
DA:43,66
DA:44,66
DA:48,66
DA:56,66
DA:57,66
DA:61,66
DA:67,0
DA:68,0
DA:71,0
DA:72,0
DA:73,0
DA:75,0
DA:76,0
DA:78,0
DA:79,0
DA:81,0
DA:83,0
DA:89,232
DA:92,119
DA:93,119
DA:96,29
DA:98,26
DA:99,26
DA:103,29
DA:104,26
DA:106,3
DA:110,29
DA:111,0
DA:114,29
DA:115,87
DA:116,58
DA:118,29
DA:122,29
DA:123,29
DA:127,0
DA:128,0
DA:131,0
DA:132,0
DA:135,0
DA:136,0
DA:137,0
DA:139,0
DA:140,0
DA:141,0
DA:146,0
DA:147,0
DA:149,0
DA:150,0
DA:153,0
DA:155,0
DA:157,0
DA:160,2
DA:161,2
DA:162,6
DA:163,6
DA:167,0
DA:168,0
DA:169,0
DA:170,0
DA:174,0
DA:176,0
DA:178,0
DA:179,0
DA:181,0
DA:182,0
DA:185,0
DA:189,0
DA:190,0
DA:192,0
DA:195,0
DA:196,0
DA:197,0
DA:198,0
DA:199,0
DA:201,0
DA:202,0
DA:203,0
DA:216,0
DA:227,0
DA:228,0
DA:229,0
DA:233,1
DA:234,22
LF:98
LH:39
BRDA:22,0,0,22
BRDA:22,0,1,0
BRDA:35,1,0,0
BRDA:35,1,1,0
BRDA:67,2,0,0
BRDA:67,2,1,0
BRDA:75,3,0,0
BRDA:75,3,1,0
BRDA:75,4,0,0
BRDA:75,4,1,0
BRDA:78,5,0,0
BRDA:78,5,1,0
BRDA:96,6,0,26
BRDA:96,6,1,3
BRDA:98,7,0,26
BRDA:98,7,1,0
BRDA:103,8,0,26
BRDA:103,8,1,3
BRDA:110,9,0,0
BRDA:110,9,1,29
BRDA:115,10,0,58
BRDA:115,10,1,29
BRDA:122,11,0,29
BRDA:122,11,1,0
BRDA:131,12,0,0
BRDA:131,12,1,0
BRDA:149,13,0,0
BRDA:149,13,1,0
BRDA:163,14,0,6
BRDA:163,14,1,4
BRDA:170,15,0,0
BRDA:170,15,1,0
BRDA:170,15,2,0
BRDA:198,16,0,0
BRDA:198,16,1,0
BRF:35
BRH:12
end_of_record
TN:
SF:/Users/sashaboginsky/Desktop/public lab/Leaflet.DistortableImage/src/DistortableImageOverlay.js
FN:13,initialize
FN:22,onAdd
FN:40,(anonymous_2)
FN:90,onRemove
FN:106,_initImageDimensions
FN:129,_singleClick
FN:136,_singleClickListeners
FN:141,_resetClickListeners
FN:146,isSelected
FN:149,deselect
FN:165,select
FN:193,_programmaticGrouping
FN:194,(anonymous_12)
FN:200,setCorner
FN:212,_cornerExceedsMapLats
FN:226,setCorners
FN:255,setCornersFromPoints
FN:286,getAngle
FN:305,scaleBy
FN:324,setAngle
FN:331,rotateBy
FN:350,dragBy
FN:364,_revert
FN:390,_getTranslateString
FN:401,_reset
FN:430,_animateZoom
FN:434,latLngToNewLayerPoint
FN:450,getCorners
FN:453,getCorner
FN:457,getCenter
FN:459,(anonymous_30)
FN:464,_calcCenterTwoCornerPoints
FN:473,_calculateProjectiveTransform
FN:504,(anonymous_33)
FN:508,(anonymous_34)
FNF:35
FNH:26
FNDA:117,initialize
FNDA:117,onAdd
FNDA:117,(anonymous_2)
FNDA:66,onRemove
FNDA:117,_initImageDimensions
FNDA:7,_singleClick
FNDA:1,_singleClickListeners
FNDA:1,_resetClickListeners
FNDA:455,isSelected
FNDA:208,deselect
FNDA:22,select
FNDA:21,_programmaticGrouping
FNDA:224,(anonymous_12)
FNDA:1,setCorner
FNDA:8,_cornerExceedsMapLats
FNDA:2,setCorners
FNDA:0,setCornersFromPoints
FNDA:0,getAngle
FNDA:3,scaleBy
FNDA:0,setAngle
FNDA:0,rotateBy
FNDA:0,dragBy
FNDA:0,_revert
FNDA:237,_getTranslateString
FNDA:237,_reset
FNDA:0,_animateZoom
FNDA:0,latLngToNewLayerPoint
FNDA:107,getCorners
FNDA:3666,getCorner
FNDA:44,getCenter
FNDA:176,(anonymous_30)
FNDA:0,_calcCenterTwoCornerPoints
FNDA:237,_calculateProjectiveTransform
FNDA:117,(anonymous_33)
FNDA:56,(anonymous_34)
DA:3,1
DA:14,117
DA:15,117
DA:16,117
DA:17,117
DA:18,117
DA:19,117
DA:20,117
DA:23,117
DA:25,117
DA:26,117
DA:29,117
DA:31,117
DA:32,117
DA:34,117
DA:35,0
DA:40,117
DA:41,117
DA:43,117
DA:45,117
DA:49,117
DA:50,0
DA:51,0
DA:57,117
DA:59,117
DA:60,66
DA:62,66
DA:63,66
DA:66,51
DA:67,51
DA:70,51
DA:73,117
DA:74,117
DA:84,117
DA:85,0
DA:88,117
DA:91,66
DA:92,66
DA:97,66
DA:99,66
DA:100,66
DA:103,66
DA:104,66
DA:107,117
DA:108,117
DA:109,117
DA:110,117
DA:111,117
DA:112,117
DA:113,117
DA:114,117
DA:116,117
DA:117,117
DA:119,0
DA:122,117
DA:123,117
DA:130,7
DA:131,7
DA:133,0
DA:137,1
DA:138,1
DA:139,1
DA:142,1
DA:143,1
DA:144,1
DA:147,455
DA:150,208
DA:152,208
DA:153,198
DA:156,10
DA:158,10
DA:159,8
DA:162,10
DA:163,10
DA:166,22
DA:168,22
DA:169,5
DA:172,22
DA:173,1
DA:177,21
DA:179,21
DA:181,21
DA:183,21
DA:186,21
DA:187,2
DA:188,2
DA:191,19
DA:194,21
DA:195,224
DA:196,36
DA:201,1
DA:202,1
DA:203,1
DA:204,1
DA:206,1
DA:207,1
DA:210,1
DA:216,8
DA:217,0
DA:218,0
DA:220,8
DA:221,8
DA:224,8
DA:227,2
DA:228,2
DA:229,2
DA:230,2
DA:232,2
DA:233,8
DA:235,0
DA:236,0
DA:237,0
DA:241,2
DA:242,8
DA:243,8
DA:246,2
DA:247,2
DA:249,2
DA:250,0
DA:253,2
DA:256,0
DA:257,0
DA:258,0
DA:259,0
DA:261,0
DA:262,0
DA:264,0
DA:266,0
DA:267,0
DA:268,0
DA:272,0
DA:273,0
DA:274,0
DA:277,0
DA:278,0
DA:280,0
DA:281,0
DA:284,0
DA:287,0
DA:288,0
DA:289,0
DA:290,0
DA:291,0
DA:292,0
DA:293,0
DA:295,0
DA:296,0
DA:299,0
DA:300,0
DA:303,0
DA:306,3
DA:307,3
DA:310,3
DA:312,3
DA:313,1
DA:316,2
DA:317,8
DA:318,8
DA:321,2
DA:322,2
DA:325,0
DA:326,0
DA:327,0
DA:328,0
DA:329,0
DA:332,0
DA:333,0
DA:334,0
DA:339,0
DA:340,0
DA:341,0
DA:342,0
DA:345,0
DA:347,0
DA:348,0
DA:351,0
DA:354,0
DA:355,0
DA:357,0
DA:358,0
DA:359,0
DA:362,0
DA:365,0
DA:366,0
DA:367,0
DA:368,0
DA:369,0
DA:370,0
DA:376,0
DA:377,0
DA:379,0
DA:380,0
DA:383,0
DA:384,0
DA:396,237
DA:397,237
DA:398,237
DA:399,237
DA:402,237
DA:403,237
DA:404,237
DA:406,237
DA:408,237
DA:409,237
DA:411,237
DA:415,237
DA:416,237
DA:421,237
DA:431,0
DA:432,0
DA:434,0
DA:435,0
DA:438,0
DA:440,0
DA:441,0
DA:443,0
DA:447,0
DA:448,0
DA:451,107
DA:454,3666
DA:458,44
DA:459,44
DA:460,176
DA:462,44
DA:465,0
DA:469,0
DA:470,0
DA:471,0
DA:477,237
DA:478,237
DA:479,237
DA:480,237
DA:484,237
DA:485,948
DA:500,237
DA:504,1
DA:505,117
DA:508,1
DA:509,56
DA:510,56
LF:240
LH:150
BRDA:25,0,0,117
BRDA:25,0,1,0
BRDA:31,1,0,117
BRDA:31,1,1,0
BRDA:34,2,0,0
BRDA:34,2,1,117
BRDA:34,3,0,117
BRDA:34,3,1,117
BRDA:49,4,0,0
BRDA:49,4,1,117
BRDA:50,5,0,0
BRDA:50,5,1,0
BRDA:50,6,0,0
BRDA:50,6,1,0
BRDA:59,7,0,66
BRDA:59,7,1,51
BRDA:62,8,0,66
BRDA:62,8,1,0
BRDA:66,9,0,51
BRDA:66,9,1,0
BRDA:84,10,0,0
BRDA:84,10,1,117
BRDA:84,11,0,117
BRDA:84,11,1,0
BRDA:99,12,0,66
BRDA:99,12,1,0
BRDA:116,13,0,117
BRDA:116,13,1,0
BRDA:130,14,0,7
BRDA:130,14,1,0
BRDA:152,15,0,198
BRDA:152,15,1,10
BRDA:152,16,0,208
BRDA:152,16,1,207
BRDA:158,17,0,8
BRDA:158,17,1,2
BRDA:168,18,0,5
BRDA:168,18,1,17
BRDA:172,19,0,1
BRDA:172,19,1,21
BRDA:186,20,0,2
BRDA:186,20,1,19
BRDA:195,21,0,36
BRDA:195,21,1,188
BRDA:206,22,0,1
BRDA:206,22,1,0
BRDA:206,23,0,1
BRDA:206,23,1,1
BRDA:216,24,0,0
BRDA:216,24,1,8
BRDA:224,25,0,8
BRDA:224,25,1,8
BRDA:233,26,0,0
BRDA:233,26,1,8
BRDA:249,27,0,0
BRDA:249,27,1,2
BRDA:249,28,0,2
BRDA:249,28,1,0
BRDA:264,29,0,0
BRDA:264,29,1,0
BRDA:280,30,0,0
BRDA:280,30,1,0
BRDA:280,31,0,0
BRDA:280,31,1,0
BRDA:295,32,0,0
BRDA:295,32,1,0
BRDA:296,33,0,0
BRDA:296,33,1,0
BRDA:299,34,0,0
BRDA:299,34,1,0
BRDA:312,35,0,1
BRDA:312,35,1,2
BRDA:379,36,0,0
BRDA:379,36,1,0
BRDA:397,37,0,237
BRDA:397,37,1,0
BRDA:398,38,0,237
BRDA:398,38,1,0
BRDA:478,39,0,237
BRDA:478,39,1,1
BRDA:479,40,0,237
BRDA:479,40,1,1
BRDA:509,41,0,56
BRDA:509,41,1,0
BRF:84
BRH:47
end_of_record
TN:
SF:/Users/sashaboginsky/Desktop/public lab/Leaflet.DistortableImage/src/components/DistortableImage.Keymapper.js
FN:10,initialize
FN:14,addHooks
FN:27,removeHooks
FN:36,_buildContainer
FN:43,_createButton
FN:54,_wrap
FN:60,_setMapper
FN:65,(anonymous_7)
FN:78,_toggleKeymapper
FN:86,_injectIconSet
FN:99,(anonymous_10)
FN:109,(anonymous_11)
FNF:12
FNH:0
FNDA:0,initialize
FNDA:0,addHooks
FNDA:0,removeHooks
FNDA:0,_buildContainer
FNDA:0,_createButton
FNDA:0,_wrap
FNDA:0,_setMapper
FNDA:0,(anonymous_7)
FNDA:0,_toggleKeymapper
FNDA:0,_injectIconSet
FNDA:0,(anonymous_10)
FNDA:0,(anonymous_11)
DA:3,1
DA:4,1
DA:5,1
DA:6,1
DA:11,0
DA:12,0
DA:15,0
DA:16,0
DA:17,0
DA:18,0
DA:20,0
DA:22,0
DA:23,0
DA:24,0
DA:28,0
DA:29,0
DA:30,0
DA:31,0
DA:32,0
DA:33,0
DA:37,0
DA:38,0
DA:39,0
DA:40,0
DA:41,0
DA:44,0
DA:45,0
DA:46,0
DA:47,0
DA:48,0
DA:50,0
DA:51,0
DA:52,0
DA:55,0
DA:56,0
DA:57,0
DA:58,0
DA:61,0
DA:65,0
DA:66,0
DA:67,0
DA:72,0
DA:73,0
DA:76,0
DA:79,0
DA:80,0
DA:81,0
DA:82,0
DA:83,0
DA:84,0
DA:87,0
DA:88,0
DA:91,0
DA:92,0
DA:93,0
DA:94,0
DA:95,0
DA:96,0
DA:99,1
DA:100,0
DA:102,0
DA:103,0
DA:105,0
DA:109,1
DA:110,0
LF:65
LH:6
BRDA:3,0,0,1
BRDA:3,0,1,0
BRDA:4,1,0,1
BRDA:4,1,1,0
BRDA:15,2,0,0
BRDA:15,2,1,0
BRDA:28,3,0,0
BRDA:28,3,1,0
BRDA:80,4,0,0
BRDA:80,4,1,0
BRDA:81,5,0,0
BRDA:81,5,1,0
BRDA:82,6,0,0
BRDA:82,6,1,0
BRDA:87,7,0,0
BRDA:87,7,1,0
BRDA:100,8,0,0
BRDA:100,8,1,0
BRDA:102,9,0,0
BRDA:102,9,1,0
BRDA:102,10,0,0
BRDA:102,10,1,0
BRF:22
BRH:2
end_of_record
TN:
SF:/Users/sashaboginsky/Desktop/public lab/Leaflet.DistortableImage/src/edit/DistortableCollection.Edit.js
FN:9,initialize
FN:15,addHooks
FN:34,(anonymous_2)
FN:38,removeHooks
FN:58,(anonymous_4)
FN:62,enable
FN:67,disable
FN:72,_onKeyDown
FN:84,_singleClick
FN:91,_singleClickListeners
FN:96,_resetClickListeners
FN:101,_decollectAll
FN:117,(anonymous_12)
FN:128,_unlockGroup
FN:129,(anonymous_14)
FN:142,_lockGroup
FN:143,(anonymous_16)
FN:156,_addCollections
FN:160,(anonymous_18)
FN:181,_removeGroup
FN:193,(anonymous_20)
FN:206,cancelExport
FN:213,_addToolbar
FN:226,_removeToolbar
FN:236,hasTool
FN:237,(anonymous_25)
FN:241,addTool
FN:252,removeTool
FN:253,(anonymous_28)
FN:268,startExport
FN:269,(anonymous_30)
FN:277,_defaultUpdater
FN:310,_defaultHandleStatusRes
FN:313,intervalUpdater
FN:318,(anonymous_34)
FN:325,_defaultFetchStatusUrl
FN:335,success
FN:361,(anonymous_37)
FNF:38
FNH:13
FNDA:22,initialize
FNDA:22,addHooks
FNDA:0,(anonymous_2)
FNDA:0,removeHooks
FNDA:0,(anonymous_4)
FNDA:22,enable
FNDA:0,disable
FNDA:0,_onKeyDown
FNDA:4,_singleClick
FNDA:0,_singleClickListeners
FNDA:0,_resetClickListeners
FNDA:4,_decollectAll
FNDA:0,(anonymous_12)
FNDA:3,_unlockGroup
FNDA:9,(anonymous_14)
FNDA:6,_lockGroup
FNDA:18,(anonymous_16)
FNDA:0,_addCollections
FNDA:0,(anonymous_18)
FNDA:2,_removeGroup
FNDA:0,(anonymous_20)
FNDA:0,cancelExport
FNDA:26,_addToolbar
FNDA:19,_removeToolbar
FNDA:0,hasTool
FNDA:0,(anonymous_25)
FNDA:0,addTool
FNDA:0,removeTool
FNDA:0,(anonymous_28)
FNDA:0,startExport
FNDA:0,(anonymous_30)
FNDA:0,_defaultUpdater
FNDA:0,_defaultHandleStatusRes
FNDA:0,intervalUpdater
FNDA:0,(anonymous_34)
FNDA:0,_defaultFetchStatusUrl
FNDA:0,success
FNDA:22,(anonymous_37)
DA:3,1
DA:5,1
DA:10,22
DA:11,22
DA:12,22
DA:13,22
DA:16,22
DA:17,22
DA:18,22
DA:19,22
DA:20,22
DA:22,22
DA:23,0
DA:26,22
DA:32,22
DA:34,22
DA:35,0
DA:39,0
DA:40,0
DA:41,0
DA:43,0
DA:44,0
DA:47,0
DA:54,0
DA:56,0
DA:58,0
DA:59,0
DA:63,22
DA:64,22
DA:65,22
DA:68,0
DA:69,0
DA:70,0
DA:73,0
DA:74,0
DA:76,0
DA:77,0
DA:80,0
DA:81,0
DA:85,4
DA:86,4
DA:88,0
DA:92,0
DA:93,0
DA:94,0
DA:97,0
DA:98,0
DA:99,0
DA:104,4
DA:105,4
DA:113,4
DA:114,0
DA:117,4
DA:118,0
DA:119,0
DA:122,4
DA:124,4
DA:125,4
DA:129,3
DA:130,9
DA:131,9
DA:133,9
DA:134,6
DA:137,6
DA:143,6
DA:144,18
DA:145,14
DA:147,14
DA:148,12
DA:151,12
DA:157,0
DA:158,0
DA:160,0
DA:161,0
DA:163,0
DA:164,0
DA:167,0
DA:168,0
DA:169,0
DA:170,0
DA:172,0
DA:173,0
DA:174,0
DA:177,0
DA:182,2
DA:184,2
DA:186,2
DA:187,0
DA:190,2
DA:192,2
DA:193,0
DA:194,0
DA:197,0
DA:198,0
DA:202,2
DA:203,0
DA:207,0
DA:208,0
DA:211,0
DA:214,26
DA:215,26
DA:217,26
DA:218,14
DA:221,12
DA:227,19
DA:229,19
DA:230,12
DA:231,12
DA:233,7
DA:237,0
DA:238,0
DA:242,0
DA:243,0
DA:245,0
DA:247,0
DA:250,0
DA:253,0
DA:254,0
DA:255,0
DA:257,0
DA:259,0
DA:261,0
DA:263,0
DA:266,0
DA:269,0
DA:270,0
DA:271,0
DA:274,0
DA:275,0
DA:278,0
DA:280,0
DA:281,0
DA:285,0
DA:288,0
DA:289,0
DA:291,0
DA:292,0
DA:295,0
DA:297,0
DA:298,0
DA:304,0
DA:311,0
DA:313,0
DA:314,0
DA:319,0
DA:326,0
DA:336,0
DA:343,0
DA:344,0
DA:346,0
DA:347,0
DA:350,0
DA:351,0
DA:353,0
DA:354,0
DA:355,0
DA:356,0
DA:361,1
DA:362,22
LF:159
LH:57
BRDA:3,0,0,1
BRDA:3,0,1,0
BRDA:19,1,0,22
BRDA:19,1,1,22
BRDA:22,2,0,0
BRDA:22,2,1,22
BRDA:22,3,0,22
BRDA:22,3,1,0
BRDA:43,4,0,0
BRDA:43,4,1,0
BRDA:43,5,0,0
BRDA:43,5,1,0
BRDA:76,6,0,0
BRDA:76,6,1,0
BRDA:80,7,0,0
BRDA:80,7,1,0
BRDA:85,8,0,4
BRDA:85,8,1,0
BRDA:104,9,0,4
BRDA:104,9,1,0
BRDA:113,10,0,0
BRDA:113,10,1,4
BRDA:113,11,0,4
BRDA:113,11,1,0
BRDA:113,11,2,0
BRDA:124,12,0,4
BRDA:124,12,1,0
BRDA:130,13,0,9
BRDA:130,13,1,0
BRDA:133,14,0,6
BRDA:133,14,1,3
BRDA:144,15,0,14
BRDA:144,15,1,4
BRDA:147,16,0,12
BRDA:147,16,1,2
BRDA:163,17,0,0
BRDA:163,17,1,0
BRDA:172,18,0,0
BRDA:172,18,1,0
BRDA:172,19,0,0
BRDA:172,19,1,0
BRDA:173,20,0,0
BRDA:173,20,1,0
BRDA:186,21,0,0
BRDA:186,21,1,2
BRDA:192,22,0,0
BRDA:192,22,1,2
BRDA:197,23,0,0
BRDA:197,23,1,0
BRDA:202,24,0,0
BRDA:202,24,1,2
BRDA:207,25,0,0
BRDA:207,25,1,0
BRDA:217,26,0,14
BRDA:217,26,1,12
BRDA:217,27,0,26
BRDA:217,27,1,26
BRDA:229,28,0,12
BRDA:229,28,1,7
BRDA:242,29,0,0
BRDA:242,29,1,0
BRDA:242,30,0,0
BRDA:242,30,1,0
BRDA:254,31,0,0
BRDA:254,31,1,0
BRDA:280,32,0,0
BRDA:280,32,1,0
BRDA:281,33,0,0
BRDA:281,33,1,0
BRDA:281,34,0,0
BRDA:281,34,1,0
BRDA:288,35,0,0
BRDA:288,35,1,0
BRDA:291,36,0,0
BRDA:291,36,1,0
BRDA:297,37,0,0
BRDA:297,37,1,0
BRDA:343,38,0,0
BRDA:343,38,1,0
BRDA:350,39,0,0
BRDA:350,39,1,0
BRDA:351,40,0,0
BRDA:351,40,1,0
BRDA:353,41,0,0
BRDA:353,41,1,0
BRDA:354,42,0,0
BRDA:354,42,1,0
BRDA:355,43,0,0
BRDA:355,43,1,0
BRF:89
BRH:26
end_of_record
TN:
SF:/Users/sashaboginsky/Desktop/public lab/Leaflet.DistortableImage/src/edit/DistortableImage.Edit.js
FN:12,initialize
FN:27,addHooks
FN:51,removeHooks
FN:85,disable
FN:96,_initHandles
FN:147,_appendHandlesandDragable
FN:154,(anonymous_6)
FN:164,_onKeyDown
FN:180,replaceTool
FN:185,(anonymous_9)
FN:200,addTool
FN:211,hasTool
FN:212,(anonymous_12)
FN:216,removeTool
FN:217,(anonymous_14)
FN:232,_removeToolbar
FN:241,_enableDragging
FN:248,(anonymous_17)
FN:259,(anonymous_18)
FN:279,_dragMode
FN:286,_scaleMode
FN:293,_distortMode
FN:300,_rotateMode
FN:307,_freeRotateMode
FN:314,_toggleLockMode
FN:325,_toggleOpacity
FN:341,_toggleBorder
FN:360,_toggleOrder
FN:371,_removeOverlay
FN:395,_getExport
FN:408,onLoadDownloadableImage
FN:431,(anonymous_31)
FN:443,_stackUp
FN:456,_stackDown
FN:469,_unlock
FN:492,_lock
FN:512,_deselect
FN:515,_showMarkers
FN:524,(anonymous_38)
FN:538,_hideMarkers
FN:546,(anonymous_40)
FN:563,_addToolbar
FN:595,_refresh
FN:602,_updateToolbarPos
FN:625,getMode
FN:632,getModes
FN:635,setMode
FN:669,nextMode
FN:694,(anonymous_48)
FNF:49
FNH:31
FNDA:117,initialize
FNDA:117,addHooks
FNDA:68,removeHooks
FNDA:68,disable
FNDA:117,_initHandles
FNDA:117,_appendHandlesandDragable
FNDA:468,(anonymous_6)
FNDA:0,_onKeyDown
FNDA:3,replaceTool
FNDA:1,(anonymous_9)
FNDA:0,addTool
FNDA:45,hasTool
FNDA:247,(anonymous_12)
FNDA:2,removeTool
FNDA:3,(anonymous_14)
FNDA:23,_removeToolbar
FNDA:123,_enableDragging
FNDA:0,(anonymous_17)
FNDA:0,(anonymous_18)
FNDA:0,_dragMode
FNDA:0,_scaleMode
FNDA:0,_distortMode
FNDA:1,_rotateMode
FNDA:2,_freeRotateMode
FNDA:7,_toggleLockMode
FNDA:0,_toggleOpacity
FNDA:0,_toggleBorder
FNDA:0,_toggleOrder
FNDA:0,_removeOverlay
FNDA:0,_getExport
FNDA:0,onLoadDownloadableImage
FNDA:0,(anonymous_31)
FNDA:0,_stackUp
FNDA:0,_stackDown
FNDA:6,_unlock
FNDA:20,_lock
FNDA:0,_deselect
FNDA:21,_showMarkers
FNDA:68,(anonymous_38)
FNDA:8,_hideMarkers
FNDA:32,(anonymous_40)
FNDA:58,_addToolbar
FNDA:34,_refresh
FNDA:1,_updateToolbarPos
FNDA:0,getMode
FNDA:1,getModes
FNDA:13,setMode
FNDA:4,nextMode
FNDA:117,(anonymous_48)
DA:3,1
DA:5,1
DA:13,117
DA:14,117
DA:18,117
DA:19,117
DA:20,117
DA:21,117
DA:22,117
DA:23,117
DA:28,117
DA:31,117
DA:33,117
DA:35,117
DA:37,117
DA:39,117
DA:40,0
DA:43,117
DA:44,117
DA:47,117
DA:52,68
DA:53,68
DA:54,68
DA:56,68
DA:57,59
DA:60,68
DA:62,68
DA:63,2
DA:66,68
DA:72,68
DA:73,26
DA:76,68
DA:77,9
DA:80,68
DA:83,68
DA:86,68
DA:87,0
DA:90,68
DA:92,68
DA:93,68
DA:94,68
DA:97,117
DA:99,117
DA:101,117
DA:102,468
DA:105,117
DA:107,117
DA:108,468
DA:111,117
DA:113,117
DA:114,468
DA:117,117
DA:119,117
DA:120,468
DA:124,117
DA:126,117
DA:127,468
DA:130,117
DA:132,117
DA:133,468
DA:138,117
DA:148,117
DA:149,117
DA:150,117
DA:152,117
DA:153,117
DA:154,117
DA:155,468
DA:156,468
DA:157,468
DA:161,117
DA:165,0
DA:166,0
DA:167,0
DA:168,0
DA:170,0
DA:171,0
DA:174,0
DA:175,0
DA:176,0
DA:181,3
DA:182,2
DA:185,1
DA:186,1
DA:187,1
DA:189,1
DA:191,1
DA:193,1
DA:195,0
DA:198,1
DA:201,0
DA:202,0
DA:204,0
DA:206,0
DA:209,0
DA:212,45
DA:213,247
DA:217,2
DA:218,3
DA:219,2
DA:221,2
DA:223,2
DA:225,2
DA:227,1
DA:230,2
DA:233,23
DA:234,23
DA:236,23
DA:237,20
DA:238,20
DA:242,123
DA:243,123
DA:244,123
DA:245,123
DA:248,123
DA:249,0
DA:251,0
DA:259,123
DA:260,0
DA:262,0
DA:265,0
DA:267,0
DA:269,0
DA:270,0
DA:271,0
DA:274,0
DA:275,0
DA:276,0
DA:280,0
DA:281,0
DA:284,0
DA:287,0
DA:288,0
DA:291,0
DA:294,0
DA:295,0
DA:298,0
DA:301,1
DA:302,0
DA:305,1
DA:308,2
DA:309,0
DA:312,2
DA:315,7
DA:316,0
DA:319,7
DA:320,0
DA:322,7
DA:326,0
DA:330,0
DA:331,0
DA:334,0
DA:335,0
DA:336,0
DA:337,0
DA:339,0
DA:342,0
DA:347,0
DA:348,0
DA:351,0
DA:352,0
DA:353,0
DA:354,0
DA:355,0
DA:357,0
DA:361,0
DA:362,0
DA:365,0
DA:366,0
DA:368,0
DA:372,0
DA:373,0
DA:374,0
DA:376,0
DA:377,0
DA:380,0
DA:382,0
DA:383,0
DA:386,0
DA:388,0
DA:389,0
DA:391,0
DA:396,0
DA:397,0
DA:399,0
DA:400,0
DA:404,0
DA:405,0
DA:406,0
DA:408,0
DA:409,0
DA:410,0
DA:411,0
DA:412,0
DA:413,0
DA:414,0
DA:431,0
DA:432,0
DA:435,0
DA:436,0
DA:441,0
DA:444,0
DA:446,0
DA:447,0
DA:450,0
DA:452,0
DA:454,0
DA:457,0
DA:459,0
DA:460,0
DA:463,0
DA:465,0
DA:467,0
DA:470,6
DA:471,6
DA:472,6
DA:474,6
DA:475,0
DA:478,6
DA:480,6
DA:481,0
DA:483,6
DA:486,6
DA:488,6
DA:490,6
DA:493,20
DA:494,20
DA:496,20
DA:497,0
DA:500,20
DA:501,20
DA:503,20
DA:504,20
DA:505,20
DA:508,20
DA:510,20
DA:513,0
DA:516,21
DA:517,21
DA:519,21
DA:520,4
DA:523,17
DA:524,17
DA:525,68
DA:526,68
DA:527,68
DA:529,68
DA:530,68
DA:533,68
DA:534,0
DA:540,8
DA:541,0
DA:544,8
DA:545,8
DA:546,8
DA:547,32
DA:548,32
DA:550,32
DA:551,32
DA:554,32
DA:555,32
DA:558,32
DA:559,0
DA:564,58
DA:565,58
DA:566,58
DA:568,58
DA:569,58
DA:571,58
DA:572,19
DA:574,19
DA:577,39
DA:578,7
DA:581,32
DA:582,128
DA:583,32
DA:588,32
DA:589,32
DA:590,32
DA:593,32
DA:596,34
DA:597,8
DA:600,34
DA:603,1
DA:605,1
DA:606,1
DA:607,1
DA:609,1
DA:610,1
DA:611,4
DA:612,1
DA:617,1
DA:618,1
DA:620,1
DA:621,1
DA:626,0
DA:627,0
DA:630,0
DA:633,1
DA:636,13
DA:637,13
DA:638,13
DA:640,13
DA:641,4
DA:644,9
DA:645,8
DA:646,6
DA:649,8
DA:650,0
DA:653,8
DA:654,8
DA:655,8
DA:657,8
DA:659,8
DA:662,1
DA:670,4
DA:671,4
DA:673,4
DA:675,4
DA:676,4
DA:678,4
DA:679,1
DA:680,0
DA:682,0
DA:683,0
DA:687,1
DA:690,4
DA:694,1
DA:695,117
LF:329
LH:208
BRDA:3,0,0,1
BRDA:3,0,1,0
BRDA:39,1,0,0
BRDA:39,1,1,117
BRDA:39,2,0,117
BRDA:39,2,1,0
BRDA:43,3,0,66
BRDA:43,3,1,51
BRDA:56,4,0,59
BRDA:56,4,1,9
BRDA:62,5,0,2
BRDA:62,5,1,66
BRDA:72,6,0,26
BRDA:72,6,1,42
BRDA:76,7,0,9
BRDA:76,7,1,59
BRDA:76,8,0,68
BRDA:76,8,1,66
BRDA:76,8,2,50
BRDA:86,9,0,0
BRDA:86,9,1,68
BRDA:152,10,0,117
BRDA:152,10,1,0
BRDA:153,11,0,117
BRDA:153,11,1,0
BRDA:170,12,0,0
BRDA:170,12,1,0
BRDA:170,13,0,0
BRDA:170,13,1,0
BRDA:174,14,0,0
BRDA:174,14,1,0
BRDA:174,15,0,0
BRDA:174,15,1,0
BRDA:175,16,0,0
BRDA:175,16,1,0
BRDA:175,17,0,0
BRDA:175,17,1,0
BRDA:181,18,0,2
BRDA:181,18,1,1
BRDA:181,19,0,3
BRDA:181,19,1,3
BRDA:186,20,0,1
BRDA:186,20,1,0
BRDA:201,21,0,0
BRDA:201,21,1,0
BRDA:201,22,0,0
BRDA:201,22,1,0
BRDA:218,23,0,2
BRDA:218,23,1,1
BRDA:236,24,0,20
BRDA:236,24,1,3
BRDA:280,25,0,0
BRDA:280,25,1,0
BRDA:287,26,0,0
BRDA:287,26,1,0
BRDA:294,27,0,0
BRDA:294,27,1,0
BRDA:301,28,0,0
BRDA:301,28,1,1
BRDA:308,29,0,0
BRDA:308,29,1,2
BRDA:315,30,0,0
BRDA:315,30,1,7
BRDA:319,31,0,0
BRDA:319,31,1,7
BRDA:330,32,0,0
BRDA:330,32,1,0
BRDA:335,33,0,0
BRDA:335,33,1,0
BRDA:347,34,0,0
BRDA:347,34,1,0
BRDA:352,35,0,0
BRDA:352,35,1,0
BRDA:361,36,0,0
BRDA:361,36,1,0
BRDA:365,37,0,0
BRDA:365,37,1,0
BRDA:376,38,0,0
BRDA:376,38,1,0
BRDA:376,39,0,0
BRDA:376,39,1,0
BRDA:382,40,0,0
BRDA:382,40,1,0
BRDA:388,41,0,0
BRDA:388,41,1,0
BRDA:399,42,0,0
BRDA:399,42,1,0
BRDA:405,43,0,0
BRDA:405,43,1,0
BRDA:435,44,0,0
BRDA:435,44,1,0
BRDA:435,45,0,0
BRDA:435,45,1,0
BRDA:441,46,0,0
BRDA:441,46,1,0
BRDA:446,47,0,0
BRDA:446,47,1,0
BRDA:446,48,0,0
BRDA:446,48,1,0
BRDA:459,49,0,0
BRDA:459,49,1,0
BRDA:459,50,0,0
BRDA:459,50,1,0
BRDA:474,51,0,0
BRDA:474,51,1,6
BRDA:474,52,0,6
BRDA:474,52,1,6
BRDA:480,53,0,0
BRDA:480,53,1,6
BRDA:496,54,0,0
BRDA:496,54,1,20
BRDA:496,55,0,20
BRDA:496,55,1,20
BRDA:503,56,0,20
BRDA:503,56,1,0
BRDA:519,57,0,4
BRDA:519,57,1,17
BRDA:519,58,0,21
BRDA:519,58,1,18
BRDA:519,58,2,1
BRDA:529,59,0,68
BRDA:529,59,1,0
BRDA:533,60,0,0
BRDA:533,60,1,68
BRDA:540,61,0,0
BRDA:540,61,1,8
BRDA:550,62,0,32
BRDA:550,62,1,0
BRDA:554,63,0,32
BRDA:554,63,1,0
BRDA:558,64,0,0
BRDA:558,64,1,32
BRDA:571,65,0,19
BRDA:571,65,1,39
BRDA:571,66,0,58
BRDA:571,66,1,23
BRDA:577,67,0,7
BRDA:577,67,1,32
BRDA:577,68,0,39
BRDA:577,68,1,35
BRDA:582,69,0,32
BRDA:582,69,1,96
BRDA:596,70,0,8
BRDA:596,70,1,26
BRDA:609,71,0,1
BRDA:609,71,1,0
BRDA:609,72,0,1
BRDA:609,72,1,1
BRDA:611,73,0,1
BRDA:611,73,1,3
BRDA:620,74,0,1
BRDA:620,74,1,0
BRDA:626,75,0,0
BRDA:626,75,1,0
BRDA:640,76,0,4
BRDA:640,76,1,9
BRDA:640,77,0,13
BRDA:640,77,1,12
BRDA:644,78,0,8
BRDA:644,78,1,1
BRDA:645,79,0,6
BRDA:645,79,1,2
BRDA:649,80,0,0
BRDA:649,80,1,8
BRDA:649,81,0,8
BRDA:649,81,1,0
BRDA:678,82,0,1
BRDA:678,82,1,3
BRDA:679,83,0,0
BRDA:679,83,1,1
BRDA:682,84,0,0
BRDA:682,84,1,0
BRF:172
BRH:82
end_of_record
TN:
SF:/Users/sashaboginsky/Desktop/public lab/Leaflet.DistortableImage/src/edit/getEXIFdata.js
FN:4,getEXIFdata
FNF:1
FNH:0
FNDA:0,getEXIFdata
DA:4,1
DA:5,0
DA:6,0
DA:7,0
DA:11,0
DA:14,0
DA:15,0
DA:17,0
DA:18,0
DA:21,0
DA:22,0
DA:28,0
DA:30,0
DA:31,0
DA:32,0
DA:33,0
DA:35,0
DA:38,0
DA:41,0
DA:43,0
DA:44,0
DA:46,0
DA:47,0
DA:49,0
DA:54,0
DA:57,0
DA:58,0
DA:60,0
DA:64,0
LF:29
LH:1
BRDA:5,0,0,0
BRDA:5,0,1,0
BRDA:11,1,0,0
BRDA:11,1,1,0
BRDA:11,2,0,0
BRDA:11,2,1,0
BRDA:17,3,0,0
BRDA:17,3,1,0
BRDA:21,4,0,0
BRDA:21,4,1,0
BRDA:30,5,0,0
BRDA:30,5,1,0
BRDA:32,6,0,0
BRDA:32,6,1,0
BRDA:41,7,0,0
BRDA:41,7,1,0
BRDA:44,8,0,0
BRDA:44,8,1,0
BRDA:47,9,0,0
BRDA:47,9,1,0
BRDA:54,10,0,0
BRDA:54,10,1,0
BRDA:54,11,0,0
BRDA:54,11,1,0
BRDA:57,12,0,0
BRDA:57,12,1,0
BRDA:57,13,0,0
BRDA:57,13,1,0
BRF:28
BRH:0
end_of_record
TN:
SF:/Users/sashaboginsky/Desktop/public lab/Leaflet.DistortableImage/src/edit/actions/BorderAction.js
FN:4,initialize
FN:29,addHooks
FNF:2
FNH:1
FNDA:32,initialize
FNDA:0,addHooks
DA:3,1
DA:5,32
DA:6,32
DA:10,32
DA:11,0
DA:12,0
DA:14,32
DA:15,32
DA:18,32
DA:19,32
DA:26,32
DA:27,32
DA:30,0
DA:31,0
DA:32,0
DA:34,0
LF:16
LH:10
BRDA:10,0,0,0
BRDA:10,0,1,32
BRDA:18,1,0,32
BRDA:18,1,1,32
BRDA:23,2,0,10
BRDA:23,2,1,22
BRDA:26,3,0,10
BRDA:26,3,1,22
BRF:8
BRH:7
end_of_record
TN:
SF:/Users/sashaboginsky/Desktop/public lab/Leaflet.DistortableImage/src/edit/actions/DeleteAction.js
FN:4,initialize
FN:31,addHooks
FNF:2
FNH:1
FNDA:44,initialize
FNDA:0,addHooks
DA:3,1
DA:5,44
DA:6,44
DA:13,44
DA:14,32
DA:16,32
DA:18,12
DA:19,12
DA:22,44
DA:23,44
DA:29,44
DA:32,0
DA:34,0
DA:35,0
DA:37,0
LF:15
LH:11
BRDA:13,0,0,32
BRDA:13,0,1,12
BRDA:16,1,0,10
BRDA:16,1,1,22
BRDA:19,2,0,0
BRDA:19,2,1,12
BRDA:22,3,0,44
BRDA:22,3,1,44
BRDA:27,4,0,10
BRDA:27,4,1,34
BRDA:34,5,0,0
BRDA:34,5,1,0
BRF:12
BRH:9
end_of_record
TN:
SF:/Users/sashaboginsky/Desktop/public lab/Leaflet.DistortableImage/src/edit/actions/DistortAction.js
FN:4,initialize
FN:15,addHooks
FNF:2
FNH:1
FNDA:32,initialize
FNDA:0,addHooks
DA:3,1
DA:5,32
DA:6,32
DA:12,32
DA:13,32
DA:16,0
DA:18,0
LF:7
LH:5
BRDA:5,0,0,32
BRDA:5,0,1,32
BRF:2
BRH:2
end_of_record
TN:
SF:/Users/sashaboginsky/Desktop/public lab/Leaflet.DistortableImage/src/edit/actions/DragAction.js
FN:4,initialize
FN:15,addHooks
FNF:2
FNH:1
FNDA:30,initialize
FNDA:0,addHooks
DA:3,1
DA:5,30
DA:6,30
DA:12,30
DA:13,30
DA:16,0
DA:18,0
LF:7
LH:5
BRDA:5,0,0,30
BRDA:5,0,1,30
BRF:2
BRH:2
end_of_record
TN:
SF:/Users/sashaboginsky/Desktop/public lab/Leaflet.DistortableImage/src/edit/actions/EditAction.js
FN:15,initialize
FN:23,_createIcon
FN:64,_injectIconSet
FN:77,(anonymous_3)
FNF:4
FNH:3
FNDA:365,initialize
FNDA:365,_createIcon
FNDA:365,_injectIconSet
FNDA:0,(anonymous_3)
DA:3,1
DA:4,1
DA:5,1
DA:6,1
DA:16,365
DA:17,365
DA:18,365
DA:19,365
DA:21,365
DA:24,365
DA:25,365
DA:26,365
DA:27,365
DA:28,365
DA:29,365
DA:31,365
DA:32,365
DA:34,0
DA:37,365
DA:39,365
DA:41,365
DA:43,365
DA:45,365
DA:46,231
DA:48,231
DA:49,30
DA:52,231
DA:53,32
DA:55,199
DA:59,365
DA:62,365
DA:65,365
DA:66,364
DA:69,1
DA:70,1
DA:71,1
DA:72,1
DA:73,1
DA:77,1
DA:78,0
LF:40
LH:38
BRDA:3,0,0,1
BRDA:3,0,1,1
BRDA:31,1,0,365
BRDA:31,1,1,0
BRDA:45,2,0,231
BRDA:45,2,1,134
BRDA:48,3,0,30
BRDA:48,3,1,201
BRDA:52,4,0,32
BRDA:52,4,1,199
BRDA:65,5,0,364
BRDA:65,5,1,1
BRF:12
BRH:11
end_of_record
TN:
SF:/Users/sashaboginsky/Desktop/public lab/Leaflet.DistortableImage/src/edit/actions/ExportAction.js
FN:5,initialize
FN:28,addHooks
FN:47,(anonymous_2)
FN:52,(anonymous_3)
FN:68,resetState
FN:73,attachMouseEventListeners
FN:77,detachMouseEventListeners
FN:81,handleMouseEnter
FN:84,handleMouseLeave
FN:91,renderDownloadIcon
FN:96,renderExportIcon
FN:101,renderCancelIcon
FNF:12
FNH:1
FNDA:44,initialize
FNDA:0,addHooks
FNDA:0,(anonymous_2)
FNDA:0,(anonymous_3)
FNDA:0,resetState
FNDA:0,attachMouseEventListeners
FNDA:0,detachMouseEventListeners
FNDA:0,handleMouseEnter
FNDA:0,handleMouseLeave
FNDA:0,renderDownloadIcon
FNDA:0,renderExportIcon
FNDA:0,renderCancelIcon
DA:3,1
DA:6,44
DA:8,44
DA:9,44
DA:10,44
DA:12,44
DA:13,32
DA:14,32
DA:16,12
DA:17,12
DA:20,44
DA:21,44
DA:26,44
DA:29,0
DA:31,0
DA:32,0
DA:34,0
DA:38,0
DA:39,0
DA:41,0
DA:44,0
DA:45,0
DA:46,0
DA:47,0
DA:48,0
DA:49,0
DA:50,0
DA:51,0
DA:52,0
DA:53,0
DA:54,0
DA:58,0
DA:59,0
DA:62,0
DA:63,0
DA:64,0
DA:69,0
DA:70,0
DA:71,0
DA:74,0
DA:75,0
DA:78,0
DA:79,0
DA:82,0
DA:85,0
DA:86,0
DA:88,0
DA:92,0
DA:93,0
DA:94,0
DA:97,0
DA:98,0
DA:99,0
DA:102,0
DA:103,0
DA:104,0
LF:56
LH:13
BRDA:12,0,0,32
BRDA:12,0,1,12
BRDA:20,1,0,44
BRDA:20,1,1,44
BRDA:31,2,0,0
BRDA:31,2,1,0
BRDA:38,3,0,0
BRDA:38,3,1,0
BRDA:48,4,0,0
BRDA:48,4,1,0
BRDA:58,5,0,0
BRDA:58,5,1,0
BRDA:85,6,0,0
BRDA:85,6,1,0
BRF:14
BRH:4
end_of_record
TN:
SF:/Users/sashaboginsky/Desktop/public lab/Leaflet.DistortableImage/src/edit/actions/FreeRotateAction.js
FN:4,initialize
FN:15,addHooks
FNF:2
FNH:2
FNDA:32,initialize
FNDA:1,addHooks
DA:3,1
DA:5,32
DA:6,32
DA:12,32
DA:13,32
DA:16,1
DA:18,1
LF:7
LH:7
BRDA:5,0,0,32
BRDA:5,0,1,32
BRF:2
BRH:2
end_of_record
TN:
SF:/Users/sashaboginsky/Desktop/public lab/Leaflet.DistortableImage/src/edit/actions/GeolocateAction.js
FN:4,initialize
FN:15,addHooks
FNF:2
FNH:0
FNDA:0,initialize
FNDA:0,addHooks
DA:3,1
DA:5,0
DA:6,0
DA:7,0
DA:13,0
DA:16,0
DA:18,0
LF:7
LH:1
BRDA:6,0,0,0
BRDA:6,0,1,0
BRDA:11,1,0,0
BRDA:11,1,1,0
BRF:4
BRH:0
end_of_record
TN:
SF:/Users/sashaboginsky/Desktop/public lab/Leaflet.DistortableImage/src/edit/actions/LockAction.js
FN:4,initialize
FN:34,addHooks
FNF:2
FNH:2
FNDA:44,initialize
FNDA:2,addHooks
DA:3,1
DA:5,44
DA:9,44
DA:10,32
DA:11,32
DA:12,32
DA:14,32
DA:15,10
DA:17,22
DA:20,12
DA:21,12
DA:22,12
DA:25,44
DA:26,44
DA:32,44
DA:35,2
DA:37,2
DA:38,2
DA:40,0
LF:19
LH:18
BRDA:9,0,0,32
BRDA:9,0,1,12
BRDA:14,1,0,10
BRDA:14,1,1,22
BRDA:25,2,0,44
BRDA:25,2,1,44
BRDA:37,3,0,2
BRDA:37,3,1,0
BRF:8
BRH:7
end_of_record
TN:
SF:/Users/sashaboginsky/Desktop/public lab/Leaflet.DistortableImage/src/edit/actions/OpacityAction.js
FN:4,initialize
FN:28,addHooks
FNF:2
FNH:1
FNDA:32,initialize
FNDA:0,addHooks
DA:3,1
DA:5,32
DA:6,32
DA:10,32
DA:11,0
DA:12,0
DA:14,32
DA:15,32
DA:18,32
DA:19,32
DA:25,32
DA:26,32
DA:29,0
DA:30,0
DA:31,0
DA:32,0
DA:34,0
LF:17
LH:10
BRDA:10,0,0,0
BRDA:10,0,1,32
BRDA:18,1,0,32
BRDA:18,1,1,32
BRDA:23,2,0,10
BRDA:23,2,1,22
BRDA:25,3,0,10
BRDA:25,3,1,22
BRF:8
BRH:7
end_of_record
TN:
SF:/Users/sashaboginsky/Desktop/public lab/Leaflet.DistortableImage/src/edit/actions/RevertAction.js
FN:4,initialize
FN:15,addHooks
FNF:2
FNH:0
FNDA:0,initialize
FNDA:0,addHooks
DA:3,1
DA:5,0
DA:6,0
DA:7,0
DA:13,0
DA:16,0
LF:6
LH:1
BRDA:6,0,0,0
BRDA:6,0,1,0
BRDA:11,1,0,0
BRDA:11,1,1,0
BRF:4
BRH:0
end_of_record
TN:
SF:/Users/sashaboginsky/Desktop/public lab/Leaflet.DistortableImage/src/edit/actions/RotateAction.js
FN:4,initialize
FN:15,addHooks
FNF:2
FNH:2
FNDA:32,initialize
FNDA:1,addHooks
DA:3,1
DA:5,32
DA:6,32
DA:12,32
DA:13,32
DA:16,1
DA:18,1
LF:7
LH:7
BRDA:5,0,0,32
BRDA:5,0,1,32
BRF:2
BRH:2
end_of_record
TN:
SF:/Users/sashaboginsky/Desktop/public lab/Leaflet.DistortableImage/src/edit/actions/ScaleAction.js
FN:4,initialize
FN:15,addHooks
FNF:2
FNH:1
FNDA:31,initialize
FNDA:0,addHooks
DA:3,1
DA:5,31
DA:6,31
DA:12,31
DA:13,31
DA:16,0
DA:18,0
LF:7
LH:5
BRDA:5,0,0,31
BRDA:5,0,1,31
BRF:2
BRH:2
end_of_record
TN:
SF:/Users/sashaboginsky/Desktop/public lab/Leaflet.DistortableImage/src/edit/actions/StackAction.js
FN:4,initialize
FN:28,addHooks
FNF:2
FNH:0
FNDA:0,initialize
FNDA:0,addHooks
DA:3,1
DA:5,0
DA:9,0
DA:10,0
DA:11,0
DA:13,0
DA:14,0
DA:17,0
DA:18,0
DA:24,0
DA:25,0
DA:26,0
DA:29,0
DA:30,0
DA:31,0
DA:33,0
LF:16
LH:1
BRDA:9,0,0,0
BRDA:9,0,1,0
BRDA:17,1,0,0
BRDA:17,1,1,0
BRDA:22,2,0,0
BRDA:22,2,1,0
BRDA:24,3,0,0
BRDA:24,3,1,0
BRDA:25,4,0,0
BRDA:25,4,1,0
BRF:10
BRH:0
end_of_record
TN:
SF:/Users/sashaboginsky/Desktop/public lab/Leaflet.DistortableImage/src/edit/handles/DistortHandle.js
FN:13,_onHandleDrag
FN:17,updateHandle
FN:22,(anonymous_2)
FNF:3
FNH:2
FNDA:0,_onHandleDrag
FNDA:504,updateHandle
FNDA:468,(anonymous_2)
DA:3,1
DA:14,0
DA:15,0
DA:18,504
DA:22,1
DA:23,468
LF:6
LH:4
BRF:0
BRH:0
end_of_record
TN:
SF:/Users/sashaboginsky/Desktop/public lab/Leaflet.DistortableImage/src/edit/handles/DragHandle.js
FN:13,_onHandleDrag
FN:19,updateHandle
FNF:2
FNH:0
FNDA:0,_onHandleDrag
FNDA:0,updateHandle
DA:3,1
DA:14,0
DA:15,0
DA:16,0
DA:17,0
DA:20,0
LF:6
LH:1
BRF:0
BRH:0
end_of_record
TN:
SF:/Users/sashaboginsky/Desktop/public lab/Leaflet.DistortableImage/src/edit/handles/EditHandle.js
FN:4,initialize
FN:20,onAdd
FN:27,onRemove
FN:32,_onHandleDragStart
FN:35,_onHandleDragEnd
FN:38,_fireEdit
FN:43,_bindListeners
FN:55,_unbindListeners
FN:69,_calculateScalingFactor
FN:84,_d2
FN:91,calculateAngleDelta
FNF:11
FNH:8
FNDA:2814,initialize
FNDA:588,onAdd
FNDA:392,onRemove
FNDA:0,_onHandleDragStart
FNDA:0,_onHandleDragEnd
FNDA:0,_fireEdit
FNDA:648,_bindListeners
FNDA:332,_unbindListeners
FNDA:3,_calculateScalingFactor
FNDA:6,_d2
FNDA:1,calculateAngleDelta
DA:3,1
DA:5,2814
DA:6,2814
DA:7,2814
DA:8,2814
DA:9,2814
DA:14,2814
DA:15,468
DA:18,2814
DA:21,588
DA:23,588
DA:25,588
DA:28,392
DA:30,392
DA:33,0
DA:36,0
DA:39,0
DA:41,0
DA:44,648
DA:51,648
DA:53,648
DA:56,332
DA:63,332
DA:65,332
DA:70,3
DA:71,3
DA:72,3
DA:73,3
DA:74,3
DA:76,3
DA:78,3
DA:80,3
DA:85,6
DA:86,6
DA:87,6
DA:92,1
DA:93,1
DA:94,1
DA:95,1
DA:96,1
DA:97,1
DA:98,1
DA:99,1
LF:43
LH:39
BRDA:14,0,0,468
BRDA:14,0,1,2346
BRDA:14,1,0,2814
BRDA:14,1,1,468
BRF:4
BRH:4
end_of_record
TN:
SF:/Users/sashaboginsky/Desktop/public lab/Leaflet.DistortableImage/src/edit/handles/FreeRotateHandle.js
FN:13,_onHandleDrag
FN:45,updateHandle
FNF:2
FNH:1
FNDA:0,_onHandleDrag
FNDA:4,updateHandle
DA:3,1
DA:14,0
DA:15,0
DA:16,0
DA:17,0
DA:18,0
DA:19,0
DA:21,0
DA:23,0
DA:24,0
DA:27,0
DA:28,0
DA:33,0
DA:34,0
DA:35,0
DA:36,0
DA:37,0
DA:39,0
DA:40,0
DA:42,0
DA:46,4
LF:21
LH:2
BRDA:23,0,0,0
BRDA:23,0,1,0
BRDA:27,1,0,0
BRDA:27,1,1,0
BRDA:39,2,0,0
BRDA:39,2,1,0
BRDA:39,3,0,0
BRDA:39,3,1,0
BRF:8
BRH:0
end_of_record
TN:
SF:/Users/sashaboginsky/Desktop/public lab/Leaflet.DistortableImage/src/edit/handles/LockHandle.js
FN:13,onRemove
FN:17,_bindListeners
FN:28,_unbindListeners
FN:41,_onHandleDrag
FN:42,updateHandle
FN:45,_tooltipOn
FN:51,(anonymous_6)
FN:61,(anonymous_7)
FN:71,_tooltipOff
FN:79,(anonymous_9)
FN:88,(anonymous_10)
FN:94,(anonymous_11)
FNF:12
FNH:5
FNDA:60,onRemove
FNDA:84,_bindListeners
FNDA:60,_unbindListeners
FNDA:0,_onHandleDrag
FNDA:84,updateHandle
FNDA:0,_tooltipOn
FNDA:0,(anonymous_6)
FNDA:0,(anonymous_7)
FNDA:0,_tooltipOff
FNDA:0,(anonymous_9)
FNDA:0,(anonymous_10)
FNDA:468,(anonymous_11)
DA:3,1
DA:14,60
DA:15,60
DA:18,84
DA:20,84
DA:22,84
DA:26,84
DA:29,60
DA:31,60
DA:33,60
DA:37,60
DA:43,84
DA:46,0
DA:47,0
DA:50,0
DA:51,0
DA:52,0
DA:53,0
DA:56,0
DA:57,0
DA:61,0
DA:62,0
DA:63,0
DA:68,0
DA:72,0
DA:73,0
DA:76,0
DA:78,0
DA:79,0
DA:80,0
DA:84,0
DA:85,0
DA:88,0
DA:89,0
DA:94,1
DA:95,468
LF:36
LH:14
BRDA:46,0,0,0
BRDA:46,0,1,0
BRDA:52,1,0,0
BRDA:52,1,1,0
BRDA:56,2,0,0
BRDA:56,2,1,0
BRDA:62,3,0,0
BRDA:62,3,1,0
BRDA:72,4,0,0
BRDA:72,4,1,0
BRDA:78,5,0,0
BRDA:78,5,1,0
BRDA:84,6,0,0
BRDA:84,6,1,0
BRF:14
BRH:0
end_of_record
TN:
SF:/Users/sashaboginsky/Desktop/public lab/Leaflet.DistortableImage/src/edit/handles/RotateHandle.js
FN:13,_onHandleDrag
FN:25,updateHandle
FN:30,(anonymous_2)
FNF:3
FNH:2
FNDA:0,_onHandleDrag
FNDA:8,updateHandle
FNDA:471,(anonymous_2)
DA:3,1
DA:14,0
DA:15,0
DA:16,0
DA:17,0
DA:23,0
DA:26,8
DA:30,1
DA:31,471
LF:9
LH:4
BRF:0
BRH:0
end_of_record
TN:
SF:/Users/sashaboginsky/Desktop/public lab/Leaflet.DistortableImage/src/edit/handles/ScaleHandle.js
FN:13,_onHandleDrag
FN:49,updateHandle
FN:54,(anonymous_2)
FNF:3
FNH:1
FNDA:0,_onHandleDrag
FNDA:0,updateHandle
FNDA:471,(anonymous_2)
DA:3,1
DA:14,0
DA:15,0
DA:16,0
DA:17,0
DA:18,0
DA:20,0
DA:27,0
DA:28,0
DA:33,0
DA:34,0
DA:35,0
DA:36,0
DA:37,0
DA:39,0
DA:40,0
DA:46,0
DA:50,0
DA:54,1
DA:55,471
LF:20
LH:3
BRDA:27,0,0,0
BRDA:27,0,1,0
BRDA:39,1,0,0
BRDA:39,1,1,0
BRDA:39,2,0,0
BRDA:39,2,1,0
BRF:6
BRH:0
end_of_record
TN:
SF:/Users/sashaboginsky/Desktop/public lab/Leaflet.DistortableImage/src/edit/toolbars/DistortableImage.ControlBar.js
FN:7,initialize
FN:17,addHooks
FN:27,(anonymous_2)
FN:33,(anonymous_3)
FNF:4
FNH:3
FNDA:12,initialize
FNDA:0,addHooks
FNDA:12,(anonymous_2)
FNDA:22,(anonymous_3)
DA:3,1
DA:4,1
DA:5,1
DA:6,1
DA:8,12
DA:9,12
DA:14,12
DA:15,12
DA:18,0
DA:20,0
DA:23,1
DA:27,1
DA:28,12
DA:33,1
DA:34,22
DA:35,22
DA:36,22
LF:17
LH:15
BRDA:3,0,0,1
BRDA:3,0,1,0
BRDA:8,1,0,12
BRDA:8,1,1,12
BRDA:35,2,0,0
BRDA:35,2,1,22
BRF:6
BRH:4
end_of_record
TN:
SF:/Users/sashaboginsky/Desktop/public lab/Leaflet.DistortableImage/src/edit/toolbars/DistortableImage.PopupBar.js
FN:10,initialize
FN:14,addHooks
FN:18,tools
FN:23,clickTool
FN:39,(anonymous_4)
FN:43,(anonymous_5)
FNF:6
FNH:5
FNDA:32,initialize
FNDA:0,addHooks
FNDA:6,tools
FNDA:6,clickTool
FNDA:32,(anonymous_4)
FNDA:117,(anonymous_5)
DA:3,1
DA:4,1
DA:5,1
DA:6,1
DA:11,32
DA:12,32
DA:15,0
DA:16,0
DA:19,6
DA:20,6
DA:24,6
DA:26,6
DA:27,30
DA:29,30
DA:30,6
DA:31,6
DA:35,0
DA:39,1
DA:40,32
DA:43,1
DA:45,117
DA:46,117
DA:47,117
LF:23
LH:20
BRDA:3,0,0,1
BRDA:3,0,1,0
BRDA:19,1,0,6
BRDA:19,1,1,0
BRDA:29,2,0,6
BRDA:29,2,1,24
BRDA:46,3,0,0
BRDA:46,3,1,117
BRF:8
BRH:5
end_of_record
TN:
SF:/Users/sashaboginsky/Desktop/public lab/Leaflet.DistortableImage/src/iconsets/IconSet.js
FN:8,render
FN:12,addSymbols
FNF:2
FNH:2
FNDA:1,render
FNDA:1,addSymbols
DA:5,1
DA:9,1
DA:10,1
DA:13,1
LF:4
LH:4
BRF:0
BRH:0
end_of_record
TN:
SF:/Users/sashaboginsky/Desktop/public lab/Leaflet.DistortableImage/src/iconsets/KeymapperIconSet.js
FNF:0
FNH:0
DA:3,1
LF:1
LH:1
BRF:0
BRH:0
end_of_record
TN:
SF:/Users/sashaboginsky/Desktop/public lab/Leaflet.DistortableImage/src/iconsets/ToolbarIconSet.js
FNF:0
FNH:0
DA:4,1
LF:1
LH:1
BRF:0
BRH:0
end_of_record
TN:
SF:/Users/sashaboginsky/Desktop/public lab/Leaflet.DistortableImage/src/mapmixins/BoxCollector.js
FN:13,initialize
FN:20,addHooks
FN:23,removeHooks
FN:26,moved
FN:29,_destroy
FN:33,_resetState
FN:37,_clearDeferredResetState
FN:43,_onMouseDown
FN:63,_onMouseMove
FN:81,_finish
FN:95,_onMouseUp
FNF:11
FNH:2
FNDA:56,initialize
FNDA:56,addHooks
FNDA:0,removeHooks
FNDA:0,moved
FNDA:0,_destroy
FNDA:0,_resetState
FNDA:0,_clearDeferredResetState
FNDA:0,_onMouseDown
FNDA:0,_onMouseMove
FNDA:0,_finish
FNDA:0,_onMouseUp
DA:3,1
DA:12,1
DA:14,56
DA:15,56
DA:16,56
DA:17,56
DA:18,56
DA:21,56
DA:24,0
DA:27,0
DA:30,0
DA:31,0
DA:34,0
DA:35,0
DA:38,0
DA:39,0
DA:40,0
DA:44,0
DA:45,0
DA:50,0
DA:52,0
DA:54,0
DA:55,0
DA:56,0
DA:57,0
DA:64,0
DA:65,0
DA:66,0
DA:67,0
DA:69,0
DA:72,0
DA:73,0
DA:75,0
DA:77,0
DA:78,0
DA:79,0
DA:82,0
DA:83,0
DA:84,0
DA:87,0
DA:88,0
DA:89,0
DA:96,0
DA:97,0
DA:100,0
DA:102,0
DA:103,0
DA:108,0
DA:110,0
DA:111,0
DA:113,0
DA:115,0
DA:118,0
DA:120,0
DA:125,1
LF:55
LH:9
BRDA:38,0,0,0
BRDA:38,0,1,0
BRDA:44,1,0,0
BRDA:44,1,1,0
BRDA:44,2,0,0
BRDA:44,2,1,0
BRDA:44,2,2,0
BRDA:64,3,0,0
BRDA:64,3,1,0
BRDA:82,4,0,0
BRDA:82,4,1,0
BRDA:96,5,0,0
BRDA:96,5,1,0
BRDA:96,6,0,0
BRDA:96,6,1,0
BRDA:102,7,0,0
BRDA:102,7,1,0
BRF:17
BRH:0
end_of_record
TN:
SF:/Users/sashaboginsky/Desktop/public lab/Leaflet.DistortableImage/src/mapmixins/DoubleClickLabels.js
FN:12,enable
FN:30,disable
FN:39,_fireIfSingle
FN:48,(anonymous_3)
FN:62,_onDoubleClick
FN:65,(anonymous_5)
FNF:6
FNH:2
FNDA:57,enable
FNDA:56,disable
FNDA:0,_fireIfSingle
FNDA:0,(anonymous_3)
FNDA:0,_onDoubleClick
FNDA:0,(anonymous_5)
DA:3,1
DA:11,1
DA:13,57
DA:15,57
DA:16,0
DA:20,57
DA:21,57
DA:24,57
DA:26,57
DA:27,57
DA:28,57
DA:31,56
DA:32,0
DA:35,56
DA:36,56
DA:37,56
DA:40,0
DA:41,0
DA:43,0
DA:44,0
DA:47,0
DA:48,0
DA:49,0
DA:50,0
DA:51,0
DA:56,0
DA:57,0
DA:63,0
DA:64,0
DA:65,0
DA:66,0
DA:67,0
DA:70,0
DA:71,0
DA:74,0
DA:75,0
DA:76,0
DA:78,0
DA:79,0
DA:83,1
LF:40
LH:15
BRDA:15,0,0,0
BRDA:15,0,1,57
BRDA:20,1,0,57
BRDA:20,1,1,0
BRDA:31,2,0,0
BRDA:31,2,1,56
BRDA:43,3,0,0
BRDA:43,3,1,0
BRDA:43,4,0,0
BRDA:43,4,1,0
BRDA:49,5,0,0
BRDA:49,5,1,0
BRDA:56,6,0,0
BRDA:56,6,1,0
BRDA:56,7,0,0
BRDA:56,7,1,0
BRDA:56,7,2,0
BRDA:70,8,0,0
BRDA:70,8,1,0
BRDA:74,9,0,0
BRDA:74,9,1,0
BRF:21
BRH:3
end_of_record
TN:
SF:/Users/sashaboginsky/Desktop/public lab/Leaflet.DistortableImage/src/mapmixins/DoubleClickZoom.js
FN:9,addHooks
FN:15,removeHooks
FN:21,enable
FN:40,disable
FN:52,_fireIfSingle
FN:61,(anonymous_5)
FN:78,_onDoubleClick
FN:81,(anonymous_7)
FNF:8
FNH:6
FNDA:169,addHooks
FNDA:113,removeHooks
FNDA:112,enable
FNDA:57,disable
FNDA:8,_fireIfSingle
FNDA:8,(anonymous_5)
FNDA:0,_onDoubleClick
FNDA:0,(anonymous_7)
DA:8,1
DA:10,169
DA:16,113
DA:22,112
DA:23,0
DA:27,112
DA:28,56
DA:29,0
DA:34,112
DA:36,112
DA:37,112
DA:38,112
DA:41,57
DA:42,0
DA:46,57
DA:48,57
DA:49,57
DA:50,57
DA:53,8
DA:54,8
DA:56,8
DA:57,0
DA:60,8
DA:61,8
DA:62,8
DA:63,8
DA:64,8
DA:69,0
DA:73,0
DA:79,0
DA:80,0
DA:81,0
DA:82,0
DA:83,0
DA:86,0
DA:87,0
DA:90,0
DA:91,0
DA:92,0
DA:94,0
DA:95,0
DA:97,0
LF:42
LH:23
BRDA:22,0,0,0
BRDA:22,0,1,112
BRDA:27,1,0,56
BRDA:27,1,1,56
BRDA:28,2,0,0
BRDA:28,2,1,56
BRDA:41,3,0,0
BRDA:41,3,1,57
BRDA:56,4,0,0
BRDA:56,4,1,8
BRDA:56,5,0,8
BRDA:56,5,1,0
BRDA:62,6,0,8
BRDA:62,6,1,0
BRDA:69,7,0,0
BRDA:69,7,1,0
BRDA:69,8,0,0
BRDA:69,8,1,0
BRDA:69,8,2,0
BRDA:86,9,0,0
BRDA:86,9,1,0
BRDA:92,10,0,0
BRDA:92,10,1,0
BRDA:94,11,0,0
BRDA:94,11,1,0
BRF:25
BRH:8
end_of_record
TN:
SF:/Users/sashaboginsky/Desktop/public lab/Leaflet.DistortableImage/src/mapmixins/MapMixins.js
FN:6,addGoogleMutant
FN:41,_addLabels
FN:68,(anonymous_2)
FNF:3
FNH:3
FNDA:1,addGoogleMutant
FNDA:1,_addLabels
FNDA:56,(anonymous_2)
DA:4,1
DA:7,1
DA:8,1
DA:18,1
DA:19,0
DA:25,1
DA:32,1
DA:33,1
DA:36,0
DA:39,1
DA:42,1
DA:44,1
DA:45,0
DA:48,1
DA:59,1
DA:60,1
DA:63,1
DA:68,1
DA:69,56
DA:70,56
LF:20
LH:17
BRDA:18,0,0,0
BRDA:18,0,1,1
BRDA:20,1,0,0
BRDA:20,1,1,0
BRDA:21,2,0,0
BRDA:21,2,1,0
BRDA:32,3,0,1
BRDA:32,3,1,0
BRDA:44,4,0,0
BRDA:44,4,1,1
BRDA:44,5,0,1
BRDA:44,5,1,1
BRDA:59,6,0,1
BRDA:59,6,1,0
BRF:14
BRH:6
end_of_record
TN:
SF:/Users/sashaboginsky/Desktop/public lab/Leaflet.DistortableImage/src/util/DomUtil.js
FN:4,initTranslation
FN:7,getMatrixString
FN:26,getRotateString
FN:32,toggleClass
FN:36,confirmDelete
FN:39,confirmDeletes
FNF:6
FNH:4
FNDA:139,initTranslation
FNDA:237,getMatrixString
FNDA:0,getRotateString
FNDA:26,toggleClass
FNDA:0,confirmDelete
FNDA:2,confirmDeletes
DA:3,1
DA:5,139
DA:8,237
DA:17,237
DA:18,237
DA:20,237
DA:21,0
DA:24,237
DA:27,0
DA:28,0
DA:29,0
DA:30,0
DA:33,26
DA:34,26
DA:37,0
DA:40,2
DA:41,0
DA:42,0
DA:45,2
DA:46,2
LF:20
LH:12
BRDA:8,0,0,237
BRDA:8,0,1,0
BRDA:8,0,2,0
BRDA:18,1,0,237
BRDA:18,1,1,0
BRDA:20,2,0,0
BRDA:20,2,1,237
BRDA:27,3,0,0
BRDA:27,3,1,0
BRDA:27,3,2,0
BRDA:28,4,0,0
BRDA:28,4,1,0
BRDA:29,5,0,0
BRDA:29,5,1,0
BRDA:34,6,0,1
BRDA:34,6,1,25
BRDA:40,7,0,0
BRDA:40,7,1,2
BRF:18
BRH:6
end_of_record
TN:
SF:/Users/sashaboginsky/Desktop/public lab/Leaflet.DistortableImage/src/util/IconUtil.js
FN:9,create
FN:16,addClassToSvg
FN:24,toggleXlink
FN:43,toggleTitle
FNF:4
FNH:1
FNDA:365,create
FNDA:0,addClassToSvg
FNDA:0,toggleXlink
FNDA:0,toggleTitle
DA:3,1
DA:10,365
DA:11,0
DA:14,365
DA:17,0
DA:19,0
DA:20,0
DA:25,0
DA:26,0
DA:29,0
DA:30,0
DA:33,0
DA:35,0
DA:36,0
DA:37,0
DA:38,0
DA:41,0
DA:44,0
DA:45,0
DA:47,0
DA:48,0
DA:51,0
LF:22
LH:3
BRDA:10,0,0,0
BRDA:10,0,1,365
BRDA:19,1,0,0
BRDA:19,1,1,0
BRDA:25,2,0,0
BRDA:25,2,1,0
BRDA:29,3,0,0
BRDA:29,3,1,0
BRDA:35,4,0,0
BRDA:35,4,1,0
BRDA:36,5,0,0
BRDA:36,5,1,0
BRDA:44,6,0,0
BRDA:44,6,1,0
BRDA:47,7,0,0
BRDA:47,7,1,0
BRF:16
BRH:1
end_of_record
TN:
SF:/Users/sashaboginsky/Desktop/public lab/Leaflet.DistortableImage/src/util/ImageUtil.js
FN:4,getCmPerPixel
FNF:1
FNH:0
FNDA:0,getCmPerPixel
DA:3,1
DA:5,0
DA:6,0
DA:7,0
LF:4
LH:1
BRF:0
BRH:0
end_of_record
TN:
SF:/Users/sashaboginsky/Desktop/public lab/Leaflet.DistortableImage/src/util/MatrixUtil.js
FN:5,adj
FN:9,multmm
FN:28,multmv
FN:32,multsm
FN:41,basisToPoints
FN:46,project
FN:50,general2DProjection
FNF:7
FNH:6
FNDA:717,adj
FNDA:719,multmm
FNDA:478,multmv
FNDA:240,multsm
FNDA:478,basisToPoints
FNDA:0,project
FNDA:239,general2DProjection
DA:3,1
DA:6,717
DA:10,719
DA:13,719
DA:14,2157
DA:15,6471
DA:17,6471
DA:18,19413
DA:21,6471
DA:25,719
DA:29,478
DA:33,240
DA:35,240
DA:36,2160
DA:39,240
DA:42,478
DA:43,478
DA:44,478
DA:47,0
DA:48,0
DA:51,239
DA:52,239
DA:53,239
DA:56,239
LF:24
LH:22
BRF:0
BRH:0
end_of_record
TN:
SF:/Users/sashaboginsky/Desktop/public lab/Leaflet.DistortableImage/src/util/TrigUtil.js
FN:4,calcAngleDegrees
FN:8,radiansToDegrees
FN:11,degreesToRadians
FNF:3
FNH:0
FNDA:0,calcAngleDegrees
FNDA:0,radiansToDegrees
FNDA:0,degreesToRadians
DA:3,1
DA:5,0
DA:6,0
DA:9,0
DA:12,0
LF:5
LH:1
BRF:0
BRH:0
end_of_record
TN:
SF:/Users/sashaboginsky/Desktop/public lab/Leaflet.DistortableImage/src/util/Utils.js
FN:4,initTranslation
FN:43,getNestedVal
FN:45,(anonymous_2)
FNF:3
FNH:3
FNDA:139,initTranslation
FNDA:22,getNestedVal
FNDA:44,(anonymous_2)
DA:3,1
DA:5,139
DA:30,139
DA:31,139
DA:34,0
DA:35,0
DA:36,0
DA:41,139
DA:44,22
DA:45,22
DA:46,44
LF:11
LH:8
BRDA:30,0,0,139
BRDA:30,0,1,0
BRDA:35,1,0,0
BRDA:35,1,1,0
BRDA:46,2,0,44
BRDA:46,2,1,44
BRF:6
BRH:3
end_of_record
