TN:
SF:src/DistortableCollection.js
FN:12,initialize
FN:18,onAdd
FN:34,onRemove
FN:42,_addEvents
FN:55,_removeEvents
FN:66,_longPressMultiSelect
FN:74,(anonymous_6)
FN:90,isCollected
FN:93,anyCollected
FN:97,_toggleCollected
FN:111,_deselectOthers
FN:118,(anonymous_11)
FN:130,_dragStartMultiple
FN:139,(anonymous_13)
FN:149,_dragMultiple
FN:163,_toRemove
FN:167,(anonymous_16)
FN:172,_toMove
FN:176,(anonymous_18)
FN:181,_updateCollectionFromPoints
FN:186,(anonymous_20)
FN:196,_getAvgCmPerPixel
FN:197,(anonymous_22)
FN:202,generateExportJson
FN:205,(anonymous_24)
FN:241,(anonymous_25)
FNF:26
FNH:12
FNDA:22,initialize
FNDA:22,onAdd
FNDA:0,onRemove
FNDA:66,_addEvents
FNDA:66,_removeEvents
FNDA:0,_longPressMultiSelect
FNDA:0,(anonymous_6)
FNDA:268,isCollected
FNDA:121,anyCollected
FNDA:29,_toggleCollected
FNDA:29,_deselectOthers
FNDA:87,(anonymous_11)
FNDA:0,_dragStartMultiple
FNDA:0,(anonymous_13)
FNDA:0,_dragMultiple
FNDA:2,_toRemove
FNDA:6,(anonymous_16)
FNDA:0,_toMove
FNDA:0,(anonymous_18)
FNDA:0,_updateCollectionFromPoints
FNDA:0,(anonymous_20)
FNDA:0,_getAvgCmPerPixel
FNDA:0,(anonymous_22)
FNDA:0,generateExportJson
FNDA:0,(anonymous_24)
FNDA:22,(anonymous_25)
DA:3,1
DA:13,22
DA:14,22
DA:15,22
DA:16,22
DA:19,22
DA:20,22
DA:22,22
DA:23,22
DA:31,22
DA:32,22
DA:35,0
DA:36,0
DA:39,0
DA:40,0
DA:43,66
DA:44,66
DA:48,66
DA:56,66
DA:57,66
DA:61,66
DA:67,0
DA:69,0
DA:70,0
DA:73,0
DA:74,0
DA:75,0
DA:77,0
DA:78,0
DA:80,0
DA:81,0
DA:83,0
DA:85,0
DA:91,268
DA:94,121
DA:95,121
DA:98,29
DA:100,26
DA:101,26
DA:105,29
DA:106,26
DA:108,3
DA:112,29
DA:114,29
DA:115,0
DA:118,29
DA:119,87
DA:120,58
DA:122,29
DA:126,29
DA:127,29
DA:131,0
DA:132,0
DA:135,0
DA:136,0
DA:139,0
DA:140,0
DA:141,0
DA:143,0
DA:144,0
DA:145,0
DA:150,0
DA:151,0
DA:153,0
DA:154,0
DA:157,0
DA:159,0
DA:161,0
DA:164,2
DA:166,2
DA:167,2
DA:168,6
DA:169,6
DA:173,0
DA:175,0
DA:176,0
DA:177,0
DA:178,0
DA:182,0
DA:184,0
DA:186,0
DA:187,0
DA:189,0
DA:190,0
DA:193,0
DA:197,0
DA:198,0
DA:200,0
DA:203,0
DA:204,0
DA:205,0
DA:206,0
DA:207,0
DA:209,0
DA:210,0
DA:211,0
DA:224,0
DA:235,0
DA:236,0
DA:237,0
DA:241,1
DA:242,22
LF:102
LH:41
BRDA:22,0,0,22
BRDA:22,0,1,0
BRDA:35,1,0,0
BRDA:35,1,1,0
BRDA:69,2,0,0
BRDA:69,2,1,0
BRDA:77,3,0,0
BRDA:77,3,1,0
BRDA:77,4,0,0
BRDA:77,4,1,0
BRDA:80,5,0,0
BRDA:80,5,1,0
BRDA:98,6,0,26
BRDA:98,6,1,3
BRDA:100,7,0,26
BRDA:100,7,1,0
BRDA:105,8,0,26
BRDA:105,8,1,3
BRDA:114,9,0,0
BRDA:114,9,1,29
BRDA:119,10,0,58
BRDA:119,10,1,29
BRDA:126,11,0,29
BRDA:126,11,1,0
BRDA:135,12,0,0
BRDA:135,12,1,0
BRDA:153,13,0,0
BRDA:153,13,1,0
BRDA:169,14,0,6
BRDA:169,14,1,4
BRDA:178,15,0,0
BRDA:178,15,1,0
BRDA:178,15,2,0
BRDA:206,16,0,0
BRDA:206,16,1,0
BRF:35
BRH:12
end_of_record
TN:
SF:src/DistortableImageOverlay.js
FN:13,initialize
FN:22,onAdd
FN:42,(anonymous_2)
FN:103,onRemove
FN:119,_initImageDimensions
FN:142,_singleClick
FN:149,_singleClickListeners
FN:154,_resetClickListeners
FN:159,isSelected
FN:162,deselect
FN:177,select
FN:207,_programmaticGrouping
FN:208,(anonymous_12)
FN:214,setCorner
FN:227,_cornerExceedsMapLats
FN:241,setCorners
FN:271,setCornersFromPoints
FN:303,scaleBy
FN:322,getAngle
FN:342,setAngle
FN:349,rotateBy
FN:371,dragBy
FN:385,restore
FN:406,_getTranslateString
FN:417,_reset
FN:448,_animateZoom
FN:452,latLngToNewLayerPoint
FN:468,getCorners
FN:471,getCorner
FN:475,getCenter
FN:477,(anonymous_30)
FN:482,_calculateProjectiveTransform
FN:513,(anonymous_32)
FN:517,(anonymous_33)
FNF:34
FNH:29
FNDA:134,initialize
FNDA:134,onAdd
FNDA:134,(anonymous_2)
FNDA:66,onRemove
FNDA:134,_initImageDimensions
FNDA:3,_singleClick
FNDA:1,_singleClickListeners
FNDA:1,_resetClickListeners
FNDA:272,isSelected
FNDA:186,deselect
FNDA:13,select
FNDA:12,_programmaticGrouping
FNDA:98,(anonymous_12)
FNDA:1,setCorner
FNDA:80,_cornerExceedsMapLats
FNDA:20,setCorners
FNDA:0,setCornersFromPoints
FNDA:3,scaleBy
FNDA:601,getAngle
FNDA:6,setAngle
FNDA:16,rotateBy
FNDA:0,dragBy
FNDA:0,restore
FNDA:289,_getTranslateString
FNDA:289,_reset
FNDA:0,_animateZoom
FNDA:0,latLngToNewLayerPoint
FNDA:277,getCorners
FNDA:5809,getCorner
FNDA:58,getCenter
FNDA:232,(anonymous_30)
FNDA:289,_calculateProjectiveTransform
FNDA:134,(anonymous_32)
FNDA:75,(anonymous_33)
DA:3,1
DA:14,134
DA:15,134
DA:16,134
DA:17,134
DA:18,134
DA:19,134
DA:20,134
DA:23,134
DA:25,134
DA:27,134
DA:28,134
DA:31,134
DA:33,134
DA:34,123
DA:36,123
DA:37,123
DA:42,134
DA:43,134
DA:45,134
DA:47,134
DA:48,0
DA:50,0
DA:52,134
DA:57,134
DA:62,134
DA:63,0
DA:64,0
DA:70,134
DA:72,134
DA:73,66
DA:75,66
DA:76,66
DA:79,68
DA:80,68
DA:83,68
DA:86,134
DA:87,134
DA:97,134
DA:98,0
DA:101,134
DA:104,66
DA:105,66
DA:110,66
DA:112,66
DA:113,66
DA:116,66
DA:117,66
DA:120,134
DA:121,134
DA:122,134
DA:123,134
DA:124,134
DA:125,134
DA:126,134
DA:127,134
DA:129,134
DA:130,123
DA:132,11
DA:135,134
DA:140,134
DA:143,3
DA:144,3
DA:146,0
DA:150,1
DA:151,1
DA:152,1
DA:155,1
DA:156,1
DA:157,1
DA:160,272
DA:163,186
DA:165,186
DA:166,1
DA:169,185
DA:171,185
DA:173,185
DA:174,185
DA:175,185
DA:178,13
DA:179,13
DA:181,13
DA:182,1
DA:185,12
DA:186,6
DA:190,12
DA:192,12
DA:194,12
DA:196,12
DA:198,12
DA:200,12
DA:201,2
DA:202,2
DA:205,10
DA:208,12
DA:209,98
DA:210,16
DA:215,1
DA:216,1
DA:217,1
DA:218,1
DA:220,1
DA:221,1
DA:224,1
DA:225,1
DA:231,80
DA:232,0
DA:233,0
DA:235,80
DA:236,80
DA:239,80
DA:242,20
DA:243,20
DA:244,20
DA:245,20
DA:247,20
DA:248,80
DA:250,0
DA:251,0
DA:252,0
DA:256,20
DA:257,80
DA:258,80
DA:261,20
DA:262,20
DA:264,20
DA:265,0
DA:268,20
DA:269,20
DA:272,0
DA:273,0
DA:274,0
DA:275,0
DA:277,0
DA:278,0
DA:280,0
DA:282,0
DA:283,0
DA:284,0
DA:288,0
DA:289,0
DA:290,0
DA:293,0
DA:294,0
DA:296,0
DA:297,0
DA:300,0
DA:301,0
DA:304,3
DA:305,3
DA:308,3
DA:310,3
DA:311,1
DA:314,2
DA:315,8
DA:316,8
DA:319,2
DA:320,2
DA:323,601
DA:324,601
DA:325,601
DA:326,601
DA:327,601
DA:328,601
DA:329,601
DA:330,601
DA:332,601
DA:333,84
DA:336,601
DA:337,86
DA:340,601
DA:343,6
DA:344,6
DA:345,6
DA:346,6
DA:347,6
DA:350,16
DA:351,16
DA:352,16
DA:353,16
DA:358,16
DA:359,14
DA:362,16
DA:363,64
DA:364,64
DA:365,64
DA:368,16
DA:369,16
DA:372,0
DA:375,0
DA:376,0
DA:378,0
DA:379,0
DA:380,0
DA:383,0
DA:386,0
DA:387,0
DA:388,0
DA:389,0
DA:390,0
DA:392,0
DA:393,0
DA:394,0
DA:398,0
DA:399,0
DA:400,0
DA:412,289
DA:413,289
DA:414,289
DA:415,289
DA:418,289
DA:419,289
DA:420,289
DA:422,289
DA:424,289
DA:425,289
DA:427,289
DA:431,289
DA:432,289
DA:437,289
DA:438,289
DA:439,289
DA:449,0
DA:450,0
DA:452,0
DA:453,0
DA:456,0
DA:458,0
DA:459,0
DA:461,0
DA:465,0
DA:466,0
DA:469,277
DA:472,5809
DA:476,58
DA:477,58
DA:478,232
DA:480,58
DA:486,289
DA:487,289
DA:488,289
DA:489,289
DA:493,289
DA:494,1156
DA:509,289
DA:513,1
DA:514,134
DA:517,1
DA:518,75
DA:519,75
LF:250
LH:191
BRDA:27,0,0,134
BRDA:27,0,1,0
BRDA:33,1,0,123
BRDA:33,1,1,11
BRDA:36,2,0,123
BRDA:36,2,1,0
BRDA:36,3,0,123
BRDA:36,3,1,123
BRDA:47,4,0,0
BRDA:47,4,1,134
BRDA:48,5,0,0
BRDA:48,5,1,0
BRDA:62,6,0,0
BRDA:62,6,1,134
BRDA:63,7,0,0
BRDA:63,7,1,0
BRDA:63,8,0,0
BRDA:63,8,1,0
BRDA:72,9,0,66
BRDA:72,9,1,68
BRDA:75,10,0,66
BRDA:75,10,1,0
BRDA:79,11,0,68
BRDA:79,11,1,0
BRDA:97,12,0,0
BRDA:97,12,1,134
BRDA:97,13,0,134
BRDA:97,13,1,0
BRDA:112,14,0,66
BRDA:112,14,1,0
BRDA:129,15,0,123
BRDA:129,15,1,11
BRDA:143,16,0,3
BRDA:143,16,1,0
BRDA:165,17,0,1
BRDA:165,17,1,185
BRDA:181,18,0,1
BRDA:181,18,1,12
BRDA:185,19,0,6
BRDA:185,19,1,6
BRDA:200,20,0,2
BRDA:200,20,1,10
BRDA:200,21,0,12
BRDA:200,21,1,3
BRDA:209,22,0,16
BRDA:209,22,1,82
BRDA:220,23,0,1
BRDA:220,23,1,0
BRDA:220,24,0,1
BRDA:220,24,1,1
BRDA:231,25,0,0
BRDA:231,25,1,80
BRDA:239,26,0,80
BRDA:239,26,1,80
BRDA:248,27,0,0
BRDA:248,27,1,80
BRDA:264,28,0,0
BRDA:264,28,1,20
BRDA:264,29,0,20
BRDA:264,29,1,0
BRDA:280,30,0,0
BRDA:280,30,1,0
BRDA:296,31,0,0
BRDA:296,31,1,0
BRDA:296,32,0,0
BRDA:296,32,1,0
BRDA:310,33,0,1
BRDA:310,33,1,2
BRDA:323,34,0,304
BRDA:323,34,1,297
BRDA:323,35,0,601
BRDA:323,35,1,304
BRDA:332,36,0,84
BRDA:332,36,1,517
BRDA:333,37,0,0
BRDA:333,37,1,84
BRDA:336,38,0,86
BRDA:336,38,1,515
BRDA:340,39,0,308
BRDA:340,39,1,293
BRDA:343,40,0,2
BRDA:343,40,1,4
BRDA:343,41,0,6
BRDA:343,41,1,2
BRDA:350,42,0,8
BRDA:350,42,1,8
BRDA:350,43,0,16
BRDA:350,43,1,8
BRDA:358,44,0,14
BRDA:358,44,1,2
BRDA:393,45,0,0
BRDA:393,45,1,0
BRDA:413,46,0,289
BRDA:413,46,1,0
BRDA:414,47,0,289
BRDA:414,47,1,0
BRDA:487,48,0,289
BRDA:487,48,1,0
BRDA:488,49,0,289
BRDA:488,49,1,0
BRDA:518,50,0,75
BRDA:518,50,1,0
BRF:102
BRH:67
end_of_record
TN:
SF:src/components/DistortableImage.Keymapper.js
FN:10,initialize
FN:14,addHooks
FN:27,removeHooks
FN:36,_buildContainer
FN:43,_createButton
FN:54,_wrap
FN:60,_setMapper
FN:65,(anonymous_7)
FN:78,_toggleKeymapper
FN:86,_injectIconSet
FN:99,(anonymous_10)
FN:109,(anonymous_11)
FNF:12
FNH:0
FNDA:0,initialize
FNDA:0,addHooks
FNDA:0,removeHooks
FNDA:0,_buildContainer
FNDA:0,_createButton
FNDA:0,_wrap
FNDA:0,_setMapper
FNDA:0,(anonymous_7)
FNDA:0,_toggleKeymapper
FNDA:0,_injectIconSet
FNDA:0,(anonymous_10)
FNDA:0,(anonymous_11)
DA:3,1
DA:4,1
DA:5,1
DA:6,1
DA:11,0
DA:12,0
DA:15,0
DA:16,0
DA:17,0
DA:18,0
DA:20,0
DA:22,0
DA:23,0
DA:24,0
DA:28,0
DA:29,0
DA:30,0
DA:31,0
DA:32,0
DA:33,0
DA:37,0
DA:38,0
DA:39,0
DA:40,0
DA:41,0
DA:44,0
DA:45,0
DA:46,0
DA:47,0
DA:48,0
DA:50,0
DA:51,0
DA:52,0
DA:55,0
DA:56,0
DA:57,0
DA:58,0
DA:61,0
DA:65,0
DA:66,0
DA:67,0
DA:72,0
DA:73,0
DA:76,0
DA:79,0
DA:80,0
DA:81,0
DA:82,0
DA:83,0
DA:84,0
DA:87,0
DA:88,0
DA:91,0
DA:92,0
DA:93,0
DA:94,0
DA:95,0
DA:96,0
DA:99,1
DA:100,0
DA:102,0
DA:103,0
DA:105,0
DA:109,1
DA:110,0
LF:65
LH:6
BRDA:3,0,0,1
BRDA:3,0,1,0
BRDA:4,1,0,1
BRDA:4,1,1,0
BRDA:15,2,0,0
BRDA:15,2,1,0
BRDA:28,3,0,0
BRDA:28,3,1,0
BRDA:80,4,0,0
BRDA:80,4,1,0
BRDA:81,5,0,0
BRDA:81,5,1,0
BRDA:82,6,0,0
BRDA:82,6,1,0
BRDA:87,7,0,0
BRDA:87,7,1,0
BRDA:100,8,0,0
BRDA:100,8,1,0
BRDA:102,9,0,0
BRDA:102,9,1,0
BRDA:102,10,0,0
BRDA:102,10,1,0
BRF:22
BRH:2
end_of_record
TN:
SF:src/edit/DistortableCollection.Edit.js
FN:9,initialize
FN:15,addHooks
FN:34,(anonymous_2)
FN:38,removeHooks
FN:58,(anonymous_4)
FN:62,enable
FN:67,disable
FN:72,_onKeyDown
FN:84,_singleClick
FN:91,_singleClickListeners
FN:96,_resetClickListeners
FN:101,_decollectAll
FN:117,(anonymous_12)
FN:128,_unlockGroup
FN:135,(anonymous_14)
FN:146,_lockGroup
FN:153,(anonymous_16)
FN:164,_addCollections
FN:170,(anonymous_18)
FN:191,_removeGroup
FN:209,(anonymous_20)
FN:222,cancelExport
FN:229,_addToolbar
FN:242,_removeToolbar
FN:252,hasTool
FN:253,(anonymous_25)
FN:257,addTool
FN:268,removeTool
FN:271,(anonymous_28)
FN:286,startExport
FN:293,(anonymous_30)
FN:300,_defaultUpdater
FN:333,_defaultHandleStatusRes
FN:336,(anonymous_33)
FN:341,(anonymous_34)
FN:350,_defaultFetchStatusUrl
FN:360,(anonymous_36)
FN:385,(anonymous_37)
FNF:38
FNH:15
FNDA:22,initialize
FNDA:22,addHooks
FNDA:0,(anonymous_2)
FNDA:0,removeHooks
FNDA:0,(anonymous_4)
FNDA:22,enable
FNDA:0,disable
FNDA:0,_onKeyDown
FNDA:4,_singleClick
FNDA:0,_singleClickListeners
FNDA:0,_resetClickListeners
FNDA:4,_decollectAll
FNDA:0,(anonymous_12)
FNDA:3,_unlockGroup
FNDA:9,(anonymous_14)
FNDA:6,_lockGroup
FNDA:18,(anonymous_16)
FNDA:0,_addCollections
FNDA:0,(anonymous_18)
FNDA:2,_removeGroup
FNDA:0,(anonymous_20)
FNDA:0,cancelExport
FNDA:26,_addToolbar
FNDA:19,_removeToolbar
FNDA:11,hasTool
FNDA:34,(anonymous_25)
FNDA:0,addTool
FNDA:0,removeTool
FNDA:0,(anonymous_28)
FNDA:0,startExport
FNDA:0,(anonymous_30)
FNDA:0,_defaultUpdater
FNDA:0,_defaultHandleStatusRes
FNDA:0,(anonymous_33)
FNDA:0,(anonymous_34)
FNDA:0,_defaultFetchStatusUrl
FNDA:0,(anonymous_36)
FNDA:22,(anonymous_37)
DA:3,1
DA:5,1
DA:10,22
DA:11,22
DA:12,22
DA:13,22
DA:16,22
DA:17,22
DA:18,22
DA:19,22
DA:20,22
DA:22,22
DA:23,0
DA:26,22
DA:32,22
DA:34,22
DA:35,0
DA:39,0
DA:40,0
DA:41,0
DA:43,0
DA:44,0
DA:47,0
DA:54,0
DA:56,0
DA:58,0
DA:59,0
DA:63,22
DA:64,22
DA:65,22
DA:68,0
DA:69,0
DA:70,0
DA:73,0
DA:74,0
DA:76,0
DA:77,0
DA:80,0
DA:81,0
DA:85,4
DA:86,4
DA:88,0
DA:92,0
DA:93,0
DA:94,0
DA:97,0
DA:98,0
DA:99,0
DA:104,4
DA:105,4
DA:113,4
DA:114,0
DA:117,4
DA:118,0
DA:119,0
DA:122,4
DA:124,4
DA:125,4
DA:129,3
DA:131,3
DA:132,0
DA:135,3
DA:136,9
DA:137,9
DA:139,9
DA:142,9
DA:147,6
DA:149,6
DA:150,0
DA:153,6
DA:154,18
DA:155,14
DA:157,14
DA:160,14
DA:165,0
DA:167,0
DA:168,0
DA:170,0
DA:171,0
DA:173,0
DA:174,0
DA:177,0
DA:178,0
DA:179,0
DA:180,0
DA:182,0
DA:183,0
DA:184,0
DA:187,0
DA:192,2
DA:194,2
DA:195,0
DA:198,2
DA:200,2
DA:202,2
DA:203,0
DA:206,2
DA:208,2
DA:209,0
DA:210,0
DA:213,0
DA:214,0
DA:218,2
DA:219,0
DA:223,0
DA:224,0
DA:227,0
DA:230,26
DA:231,26
DA:233,26
DA:234,14
DA:237,12
DA:243,19
DA:245,19
DA:246,12
DA:247,12
DA:249,7
DA:253,11
DA:254,34
DA:258,0
DA:259,0
DA:261,0
DA:263,0
DA:266,0
DA:269,0
DA:271,0
DA:272,0
DA:273,0
DA:275,0
DA:277,0
DA:279,0
DA:281,0
DA:284,0
DA:287,0
DA:289,0
DA:290,0
DA:293,0
DA:294,0
DA:295,0
DA:298,0
DA:300,0
DA:301,0
DA:303,0
DA:304,0
DA:308,0
DA:311,0
DA:312,0
DA:314,0
DA:315,0
DA:318,0
DA:320,0
DA:321,0
DA:327,0
DA:333,0
DA:334,0
DA:336,0
DA:337,0
DA:340,0
DA:341,0
DA:342,0
DA:343,0
DA:350,0
DA:351,0
DA:352,0
DA:353,0
DA:354,0
DA:355,0
DA:359,0
DA:360,0
DA:361,0
DA:362,0
DA:368,0
DA:370,0
DA:371,0
DA:374,0
DA:375,0
DA:377,0
DA:378,0
DA:379,0
DA:380,0
DA:385,1
DA:386,22
LF:182
LH:63
BRDA:3,0,0,1
BRDA:3,0,1,0
BRDA:19,1,0,22
BRDA:19,1,1,22
BRDA:22,2,0,0
BRDA:22,2,1,22
BRDA:22,3,0,22
BRDA:22,3,1,0
BRDA:43,4,0,0
BRDA:43,4,1,0
BRDA:43,5,0,0
BRDA:43,5,1,0
BRDA:76,6,0,0
BRDA:76,6,1,0
BRDA:80,7,0,0
BRDA:80,7,1,0
BRDA:85,8,0,4
BRDA:85,8,1,0
BRDA:104,9,0,4
BRDA:104,9,1,0
BRDA:113,10,0,0
BRDA:113,10,1,4
BRDA:113,11,0,4
BRDA:113,11,1,0
BRDA:113,11,2,0
BRDA:124,12,0,4
BRDA:124,12,1,0
BRDA:131,13,0,0
BRDA:131,13,1,3
BRDA:136,14,0,9
BRDA:136,14,1,0
BRDA:149,15,0,0
BRDA:149,15,1,6
BRDA:154,16,0,14
BRDA:154,16,1,4
BRDA:173,17,0,0
BRDA:173,17,1,0
BRDA:182,18,0,0
BRDA:182,18,1,0
BRDA:182,19,0,0
BRDA:182,19,1,0
BRDA:183,20,0,0
BRDA:183,20,1,0
BRDA:194,21,0,0
BRDA:194,21,1,2
BRDA:202,22,0,0
BRDA:202,22,1,2
BRDA:208,23,0,0
BRDA:208,23,1,2
BRDA:213,24,0,0
BRDA:213,24,1,0
BRDA:218,25,0,0
BRDA:218,25,1,2
BRDA:223,26,0,0
BRDA:223,26,1,0
BRDA:233,27,0,14
BRDA:233,27,1,12
BRDA:233,28,0,26
BRDA:233,28,1,26
BRDA:245,29,0,12
BRDA:245,29,1,7
BRDA:258,30,0,0
BRDA:258,30,1,0
BRDA:258,31,0,0
BRDA:258,31,1,0
BRDA:272,32,0,0
BRDA:272,32,1,0
BRDA:289,33,0,0
BRDA:289,33,1,0
BRDA:303,34,0,0
BRDA:303,34,1,0
BRDA:304,35,0,0
BRDA:304,35,1,0
BRDA:304,36,0,0
BRDA:304,36,1,0
BRDA:311,37,0,0
BRDA:311,37,1,0
BRDA:314,38,0,0
BRDA:314,38,1,0
BRDA:320,39,0,0
BRDA:320,39,1,0
BRDA:342,40,0,0
BRDA:342,40,1,0
BRDA:361,41,0,0
BRDA:361,41,1,0
BRDA:370,42,0,0
BRDA:370,42,1,0
BRDA:374,43,0,0
BRDA:374,43,1,0
BRDA:375,44,0,0
BRDA:375,44,1,0
BRDA:377,45,0,0
BRDA:377,45,1,0
BRDA:378,46,0,0
BRDA:378,46,1,0
BRDA:379,47,0,0
BRDA:379,47,1,0
BRF:97
BRH:25
end_of_record
TN:
SF:src/edit/DistortableImage.Edit.js
FN:11,initialize
FN:22,addHooks
FN:47,removeHooks
FN:79,disable
FN:90,_initModes
FN:108,_initHandles
FN:159,_appendHandlesandDragable
FN:171,(anonymous_7)
FN:184,_onKeyDown
FN:200,replaceTool
FN:207,(anonymous_10)
FN:230,addTool
FN:251,hasTool
FN:252,(anonymous_13)
FN:256,removeTool
FN:259,(anonymous_15)
FN:286,_nextOrNone
FN:301,_removeToolbar
FN:310,_enableDragging
FN:319,(anonymous_19)
FN:329,(anonymous_20)
FN:349,_disableDragging
FN:355,_dragMode
FN:358,_scaleMode
FN:361,_distortMode
FN:364,_rotateMode
FN:367,_freeRotateMode
FN:370,_toggleLockMode
FN:377,_toggleOpacity
FN:393,_toggleBorder
FN:409,_toggleOrder
FN:416,_removeOverlay
FN:439,_getExport
FN:453,onLoadDownloadableImage
FN:476,(anonymous_34)
FN:488,_stackUp
FN:501,_stackDown
FN:514,_unlock
FN:546,_lock
FN:573,_deselect
FN:576,_showMarkers
FN:588,(anonymous_41)
FN:598,_hideMarkers
FN:614,(anonymous_43)
FN:624,_updateHandle
FN:639,_addToolbar
FN:671,_refresh
FN:678,_updateToolbarPos
FN:701,hasMode
FN:704,getMode
FN:711,getModes
FN:714,isMode
FN:721,setMode
FN:759,nextMode
FN:779,(anonymous_54)
FNF:55
FNH:38
FNDA:134,initialize
FNDA:134,addHooks
FNDA:69,removeHooks
FNDA:69,disable
FNDA:134,_initModes
FNDA:134,_initHandles
FNDA:134,_appendHandlesandDragable
FNDA:532,(anonymous_7)
FNDA:0,_onKeyDown
FNDA:4,replaceTool
FNDA:2,(anonymous_10)
FNDA:0,addTool
FNDA:16,hasTool
FNDA:72,(anonymous_13)
FNDA:2,removeTool
FNDA:3,(anonymous_15)
FNDA:4,_nextOrNone
FNDA:195,_removeToolbar
FNDA:140,_enableDragging
FNDA:0,(anonymous_19)
FNDA:0,(anonymous_20)
FNDA:90,_disableDragging
FNDA:1,_dragMode
FNDA:0,_scaleMode
FNDA:0,_distortMode
FNDA:0,_rotateMode
FNDA:2,_freeRotateMode
FNDA:5,_toggleLockMode
FNDA:0,_toggleOpacity
FNDA:0,_toggleBorder
FNDA:0,_toggleOrder
FNDA:0,_removeOverlay
FNDA:0,_getExport
FNDA:0,onLoadDownloadableImage
FNDA:0,(anonymous_34)
FNDA:0,_stackUp
FNDA:0,_stackDown
FNDA:9,_unlock
FNDA:20,_lock
FNDA:0,_deselect
FNDA:12,_showMarkers
FNDA:44,(anonymous_41)
FNDA:185,_hideMarkers
FNDA:708,(anonymous_43)
FNDA:168,_updateHandle
FNDA:51,_addToolbar
FNDA:35,_refresh
FNDA:1,_updateToolbarPos
FNDA:23,hasMode
FNDA:197,getMode
FNDA:8,getModes
FNDA:417,isMode
FNDA:16,setMode
FNDA:5,nextMode
FNDA:134,(anonymous_54)
DA:3,1
DA:5,1
DA:12,134
DA:13,134
DA:14,134
DA:15,134
DA:16,134
DA:17,134
DA:18,134
DA:23,134
DA:24,134
DA:27,134
DA:29,134
DA:31,134
DA:33,134
DA:35,134
DA:36,0
DA:39,134
DA:40,134
DA:43,134
DA:48,69
DA:49,69
DA:51,69
DA:53,69
DA:54,0
DA:57,69
DA:58,414
DA:66,69
DA:67,26
DA:70,69
DA:71,9
DA:74,69
DA:77,69
DA:80,69
DA:81,0
DA:84,69
DA:86,69
DA:87,69
DA:88,69
DA:91,134
DA:94,134
DA:95,804
DA:97,804
DA:98,784
DA:104,134
DA:105,6
DA:109,134
DA:111,134
DA:113,134
DA:114,536
DA:117,134
DA:119,134
DA:120,536
DA:123,134
DA:125,134
DA:126,536
DA:129,134
DA:131,134
DA:132,536
DA:136,134
DA:138,134
DA:139,536
DA:142,134
DA:144,134
DA:145,536
DA:150,134
DA:160,134
DA:162,134
DA:163,1
DA:165,1
DA:168,133
DA:170,133
DA:171,133
DA:172,532
DA:174,532
DA:175,532
DA:180,133
DA:181,133
DA:185,0
DA:186,0
DA:187,0
DA:188,0
DA:190,0
DA:191,0
DA:194,0
DA:195,0
DA:196,0
DA:201,4
DA:203,4
DA:204,2
DA:207,2
DA:208,2
DA:209,2
DA:211,2
DA:213,2
DA:215,2
DA:216,12
DA:217,2
DA:219,2
DA:220,10
DA:221,2
DA:225,2
DA:228,2
DA:231,0
DA:232,0
DA:234,0
DA:236,0
DA:238,0
DA:239,0
DA:240,0
DA:244,0
DA:245,0
DA:249,0
DA:252,16
DA:253,72
DA:257,2
DA:259,2
DA:260,3
DA:261,2
DA:263,2
DA:265,2
DA:267,2
DA:268,12
DA:269,2
DA:271,2
DA:275,2
DA:279,2
DA:280,2
DA:283,2
DA:287,4
DA:288,1
DA:289,1
DA:291,0
DA:292,0
DA:295,0
DA:297,0
DA:302,195
DA:303,195
DA:305,195
DA:306,17
DA:307,17
DA:311,140
DA:313,140
DA:314,140
DA:315,140
DA:316,140
DA:319,140
DA:320,0
DA:322,0
DA:329,140
DA:330,0
DA:332,0
DA:335,0
DA:337,0
DA:339,0
DA:340,0
DA:341,0
DA:344,0
DA:345,0
DA:346,0
DA:350,90
DA:351,81
DA:352,81
DA:356,1
DA:359,0
DA:362,0
DA:365,0
DA:368,2
DA:371,5
DA:372,0
DA:374,5
DA:378,0
DA:382,0
DA:383,0
DA:386,0
DA:387,0
DA:388,0
DA:389,0
DA:391,0
DA:394,0
DA:398,0
DA:399,0
DA:402,0
DA:403,0
DA:404,0
DA:406,0
DA:410,0
DA:411,0
DA:413,0
DA:417,0
DA:418,0
DA:420,0
DA:421,0
DA:424,0
DA:426,0
DA:427,0
DA:430,0
DA:432,0
DA:433,0
DA:435,0
DA:440,0
DA:441,0
DA:442,0
DA:444,0
DA:445,0
DA:449,0
DA:450,0
DA:451,0
DA:453,0
DA:454,0
DA:455,0
DA:456,0
DA:457,0
DA:458,0
DA:459,0
DA:476,0
DA:477,0
DA:480,0
DA:481,0
DA:486,0
DA:489,0
DA:491,0
DA:492,0
DA:495,0
DA:497,0
DA:499,0
DA:502,0
DA:504,0
DA:505,0
DA:508,0
DA:510,0
DA:512,0
DA:515,9
DA:516,9
DA:517,9
DA:519,9
DA:520,3
DA:523,6
DA:524,0
DA:525,0
DA:529,6
DA:530,6
DA:533,6
DA:534,0
DA:535,0
DA:537,6
DA:540,6
DA:542,6
DA:544,6
DA:547,20
DA:548,20
DA:549,20
DA:551,20
DA:552,2
DA:555,18
DA:556,6
DA:557,0
DA:561,18
DA:562,18
DA:565,18
DA:567,18
DA:569,18
DA:571,18
DA:574,0
DA:577,12
DA:579,12
DA:580,0
DA:584,12
DA:585,1
DA:588,11
DA:589,44
DA:591,44
DA:592,32
DA:595,44
DA:599,185
DA:600,185
DA:602,185
DA:603,0
DA:606,185
DA:607,0
DA:610,185
DA:611,8
DA:614,177
DA:615,708
DA:617,708
DA:618,684
DA:621,708
DA:625,168
DA:626,168
DA:627,168
DA:629,168
DA:630,35
DA:633,168
DA:635,168
DA:636,168
DA:640,51
DA:641,51
DA:642,51
DA:644,51
DA:645,51
DA:647,51
DA:648,19
DA:650,19
DA:653,32
DA:654,2
DA:657,30
DA:658,120
DA:659,30
DA:664,30
DA:665,30
DA:666,30
DA:669,30
DA:672,35
DA:673,4
DA:676,35
DA:679,1
DA:681,1
DA:682,1
DA:683,1
DA:685,1
DA:686,1
DA:687,4
DA:688,1
DA:693,1
DA:694,1
DA:696,1
DA:697,1
DA:702,23
DA:705,197
DA:706,1
DA:709,196
DA:712,8
DA:715,417
DA:716,0
DA:719,417
DA:722,16
DA:723,16
DA:724,16
DA:726,16
DA:727,5
DA:730,11
DA:731,4
DA:734,11
DA:735,0
DA:738,11
DA:740,11
DA:741,3
DA:744,11
DA:746,11
DA:748,11
DA:749,0
DA:752,11
DA:760,5
DA:761,5
DA:762,5
DA:763,5
DA:764,5
DA:765,5
DA:767,5
DA:768,2
DA:769,0
DA:772,2
DA:775,5
DA:779,1
DA:780,134
LF:365
LH:249
BRDA:3,0,0,1
BRDA:3,0,1,0
BRDA:35,1,0,0
BRDA:35,1,1,134
BRDA:35,2,0,134
BRDA:35,2,1,0
BRDA:39,3,0,66
BRDA:39,3,1,68
BRDA:53,4,0,0
BRDA:53,4,1,69
BRDA:66,5,0,26
BRDA:66,5,1,43
BRDA:70,6,0,9
BRDA:70,6,1,60
BRDA:70,7,0,69
BRDA:70,7,1,66
BRDA:70,7,2,50
BRDA:80,8,0,0
BRDA:80,8,1,69
BRDA:97,9,0,784
BRDA:97,9,1,20
BRDA:104,10,0,6
BRDA:104,10,1,128
BRDA:162,11,0,1
BRDA:162,11,1,133
BRDA:170,12,0,133
BRDA:170,12,1,0
BRDA:170,13,0,133
BRDA:170,13,1,133
BRDA:174,14,0,532
BRDA:174,14,1,0
BRDA:180,15,0,133
BRDA:180,15,1,0
BRDA:190,16,0,0
BRDA:190,16,1,0
BRDA:190,17,0,0
BRDA:190,17,1,0
BRDA:194,18,0,0
BRDA:194,18,1,0
BRDA:194,19,0,0
BRDA:194,19,1,0
BRDA:195,20,0,0
BRDA:195,20,1,0
BRDA:195,21,0,0
BRDA:195,21,1,0
BRDA:203,22,0,2
BRDA:203,22,1,2
BRDA:203,23,0,4
BRDA:203,23,1,4
BRDA:208,24,0,2
BRDA:208,24,1,0
BRDA:216,25,0,2
BRDA:216,25,1,10
BRDA:220,26,0,2
BRDA:220,26,1,8
BRDA:231,27,0,0
BRDA:231,27,1,0
BRDA:231,28,0,0
BRDA:231,28,1,0
BRDA:239,29,0,0
BRDA:239,29,1,0
BRDA:244,30,0,0
BRDA:244,30,1,0
BRDA:260,31,0,2
BRDA:260,31,1,1
BRDA:268,32,0,2
BRDA:268,32,1,10
BRDA:279,33,0,2
BRDA:279,33,1,0
BRDA:287,34,0,1
BRDA:287,34,1,3
BRDA:288,35,0,1
BRDA:288,35,1,0
BRDA:291,36,0,0
BRDA:291,36,1,0
BRDA:305,37,0,17
BRDA:305,37,1,178
BRDA:350,38,0,81
BRDA:350,38,1,9
BRDA:371,39,0,0
BRDA:371,39,1,5
BRDA:382,40,0,0
BRDA:382,40,1,0
BRDA:387,41,0,0
BRDA:387,41,1,0
BRDA:398,42,0,0
BRDA:398,42,1,0
BRDA:403,43,0,0
BRDA:403,43,1,0
BRDA:410,44,0,0
BRDA:410,44,1,0
BRDA:420,45,0,0
BRDA:420,45,1,0
BRDA:420,46,0,0
BRDA:420,46,1,0
BRDA:426,47,0,0
BRDA:426,47,1,0
BRDA:432,48,0,0
BRDA:432,48,1,0
BRDA:444,49,0,0
BRDA:444,49,1,0
BRDA:450,50,0,0
BRDA:450,50,1,0
BRDA:480,51,0,0
BRDA:480,51,1,0
BRDA:480,52,0,0
BRDA:480,52,1,0
BRDA:486,53,0,0
BRDA:486,53,1,0
BRDA:491,54,0,0
BRDA:491,54,1,0
BRDA:491,55,0,0
BRDA:491,55,1,0
BRDA:504,56,0,0
BRDA:504,56,1,0
BRDA:504,57,0,0
BRDA:504,57,1,0
BRDA:519,58,0,3
BRDA:519,58,1,6
BRDA:523,59,0,0
BRDA:523,59,1,6
BRDA:523,60,0,6
BRDA:523,60,1,6
BRDA:523,60,2,6
BRDA:524,61,0,0
BRDA:524,61,1,0
BRDA:529,62,0,6
BRDA:529,62,1,0
BRDA:533,63,0,0
BRDA:533,63,1,6
BRDA:533,64,0,6
BRDA:533,64,1,6
BRDA:551,65,0,2
BRDA:551,65,1,18
BRDA:555,66,0,6
BRDA:555,66,1,12
BRDA:555,67,0,18
BRDA:555,67,1,15
BRDA:555,67,2,15
BRDA:556,68,0,0
BRDA:556,68,1,6
BRDA:561,69,0,18
BRDA:561,69,1,0
BRDA:579,70,0,0
BRDA:579,70,1,12
BRDA:584,71,0,1
BRDA:584,71,1,11
BRDA:584,72,0,12
BRDA:584,72,1,9
BRDA:584,72,2,1
BRDA:591,73,0,32
BRDA:591,73,1,12
BRDA:602,74,0,0
BRDA:602,74,1,185
BRDA:606,75,0,0
BRDA:606,75,1,185
BRDA:610,76,0,8
BRDA:610,76,1,177
BRDA:610,77,0,185
BRDA:610,77,1,14
BRDA:610,77,2,11
BRDA:617,78,0,684
BRDA:617,78,1,24
BRDA:629,79,0,35
BRDA:629,79,1,133
BRDA:633,80,0,0
BRDA:633,80,1,168
BRDA:635,81,0,168
BRDA:635,81,1,0
BRDA:647,82,0,19
BRDA:647,82,1,32
BRDA:647,83,0,51
BRDA:647,83,1,23
BRDA:653,84,0,2
BRDA:653,84,1,30
BRDA:653,85,0,32
BRDA:653,85,1,30
BRDA:658,86,0,30
BRDA:658,86,1,90
BRDA:672,87,0,4
BRDA:672,87,1,31
BRDA:685,88,0,1
BRDA:685,88,1,0
BRDA:685,89,0,1
BRDA:685,89,1,1
BRDA:687,90,0,1
BRDA:687,90,1,3
BRDA:696,91,0,1
BRDA:696,91,1,0
BRDA:705,92,0,1
BRDA:705,92,1,196
BRDA:715,93,0,0
BRDA:715,93,1,417
BRDA:726,94,0,5
BRDA:726,94,1,11
BRDA:726,95,0,16
BRDA:726,95,1,13
BRDA:726,95,2,12
BRDA:730,96,0,4
BRDA:730,96,1,7
BRDA:734,97,0,0
BRDA:734,97,1,11
BRDA:734,98,0,11
BRDA:734,98,1,0
BRDA:740,99,0,3
BRDA:740,99,1,8
BRDA:748,100,0,0
BRDA:748,100,1,11
BRDA:748,101,0,11
BRDA:748,101,1,0
BRDA:767,102,0,2
BRDA:767,102,1,3
BRDA:768,103,0,0
BRDA:768,103,1,2
BRDA:768,104,0,2
BRDA:768,104,1,0
BRF:216
BRH:125
end_of_record
TN:
SF:src/edit/getEXIFdata.js
FN:4,getEXIFdata
FNF:1
FNH:0
FNDA:0,getEXIFdata
DA:4,1
DA:5,0
DA:6,0
DA:7,0
DA:11,0
DA:14,0
DA:15,0
DA:17,0
DA:18,0
DA:21,0
DA:22,0
DA:28,0
DA:30,0
DA:31,0
DA:32,0
DA:33,0
DA:35,0
DA:38,0
DA:41,0
DA:43,0
DA:44,0
DA:46,0
DA:47,0
DA:49,0
DA:54,0
DA:57,0
DA:58,0
DA:60,0
DA:64,0
LF:29
LH:1
BRDA:5,0,0,0
BRDA:5,0,1,0
BRDA:11,1,0,0
BRDA:11,1,1,0
BRDA:11,2,0,0
BRDA:11,2,1,0
BRDA:17,3,0,0
BRDA:17,3,1,0
BRDA:21,4,0,0
BRDA:21,4,1,0
BRDA:30,5,0,0
BRDA:30,5,1,0
BRDA:32,6,0,0
BRDA:32,6,1,0
BRDA:41,7,0,0
BRDA:41,7,1,0
BRDA:44,8,0,0
BRDA:44,8,1,0
BRDA:47,9,0,0
BRDA:47,9,1,0
BRDA:54,10,0,0
BRDA:54,10,1,0
BRDA:54,11,0,0
BRDA:54,11,1,0
BRDA:57,12,0,0
BRDA:57,12,1,0
BRDA:57,13,0,0
BRDA:57,13,1,0
BRF:28
BRH:0
end_of_record
TN:
SF:src/edit/actions/BorderAction.js
FN:4,initialize
FN:29,addHooks
FNF:2
FNH:1
FNDA:27,initialize
FNDA:0,addHooks
DA:3,1
DA:5,27
DA:6,27
DA:10,27
DA:11,0
DA:12,0
DA:14,27
DA:15,27
DA:18,27
DA:19,27
DA:26,27
DA:27,27
DA:30,0
DA:31,0
DA:32,0
DA:34,0
LF:16
LH:10
BRDA:10,0,0,0
BRDA:10,0,1,27
BRDA:18,1,0,27
BRDA:18,1,1,27
BRDA:23,2,0,11
BRDA:23,2,1,16
BRDA:26,3,0,11
BRDA:26,3,1,16
BRF:8
BRH:7
end_of_record
TN:
SF:src/edit/actions/DeleteAction.js
FN:4,initialize
FN:31,addHooks
FNF:2
FNH:1
FNDA:39,initialize
FNDA:0,addHooks
DA:3,1
DA:5,39
DA:6,39
DA:13,39
DA:14,27
DA:16,27
DA:18,12
DA:19,12
DA:22,39
DA:23,39
DA:29,39
DA:32,0
DA:34,0
DA:35,0
DA:37,0
LF:15
LH:11
BRDA:13,0,0,27
BRDA:13,0,1,12
BRDA:16,1,0,11
BRDA:16,1,1,16
BRDA:19,2,0,0
BRDA:19,2,1,12
BRDA:22,3,0,39
BRDA:22,3,1,39
BRDA:27,4,0,11
BRDA:27,4,1,28
BRDA:34,5,0,0
BRDA:34,5,1,0
BRF:12
BRH:9
end_of_record
TN:
SF:src/edit/actions/DistortAction.js
FN:4,initialize
FN:15,addHooks
FNF:2
FNH:1
FNDA:27,initialize
FNDA:0,addHooks
DA:3,1
DA:5,27
DA:6,27
DA:12,27
DA:13,27
DA:16,0
DA:18,0
LF:7
LH:5
BRDA:5,0,0,27
BRDA:5,0,1,27
BRF:2
BRH:2
end_of_record
TN:
SF:src/edit/actions/DragAction.js
FN:4,initialize
FN:15,addHooks
FNF:2
FNH:2
FNDA:28,initialize
FNDA:1,addHooks
DA:3,1
DA:5,28
DA:6,28
DA:12,28
DA:13,28
DA:16,1
DA:18,1
LF:7
LH:7
BRDA:5,0,0,28
BRDA:5,0,1,28
BRF:2
BRH:2
end_of_record
TN:
SF:src/edit/actions/EditAction.js
FN:15,initialize
FN:23,_createIcon
FN:62,(anonymous_2)
FN:73,_injectIconSet
FN:84,_enableAction
FN:88,_disableAction
FN:94,(anonymous_6)
FNF:7
FNH:4
FNDA:318,initialize
FNDA:318,_createIcon
FNDA:10,(anonymous_2)
FNDA:318,_injectIconSet
FNDA:0,_enableAction
FNDA:0,_disableAction
FNDA:0,(anonymous_6)
DA:3,1
DA:4,1
DA:5,1
DA:6,1
DA:16,318
DA:17,318
DA:18,318
DA:19,318
DA:21,318
DA:24,318
DA:26,318
DA:27,318
DA:28,318
DA:29,318
DA:30,318
DA:31,318
DA:33,318
DA:34,318
DA:36,0
DA:39,318
DA:41,318
DA:43,318
DA:45,318
DA:47,318
DA:48,207
DA:50,207
DA:51,33
DA:54,207
DA:55,29
DA:57,178
DA:61,318
DA:62,318
DA:63,10
DA:65,10
DA:66,0
DA:71,318
DA:74,318
DA:75,317
DA:78,1
DA:79,1
DA:80,1
DA:81,1
DA:82,1
DA:85,0
DA:86,0
DA:89,0
DA:90,0
DA:94,1
DA:95,0
LF:49
LH:42
BRDA:3,0,0,1
BRDA:3,0,1,1
BRDA:33,1,0,318
BRDA:33,1,1,0
BRDA:47,2,0,207
BRDA:47,2,1,111
BRDA:50,3,0,33
BRDA:50,3,1,174
BRDA:54,4,0,29
BRDA:54,4,1,178
BRDA:65,5,0,0
BRDA:65,5,1,10
BRDA:65,6,0,10
BRDA:65,6,1,0
BRDA:74,7,0,317
BRDA:74,7,1,1
BRF:16
BRH:13
end_of_record
TN:
SF:src/edit/actions/ExportAction.js
FN:5,initialize
FN:28,addHooks
FN:47,(anonymous_2)
FN:52,(anonymous_3)
FN:68,resetState
FN:73,attachMouseEventListeners
FN:77,detachMouseEventListeners
FN:81,handleMouseEnter
FN:84,handleMouseLeave
FN:91,renderDownloadIcon
FN:96,renderExportIcon
FN:101,renderCancelIcon
FNF:12
FNH:1
FNDA:39,initialize
FNDA:0,addHooks
FNDA:0,(anonymous_2)
FNDA:0,(anonymous_3)
FNDA:0,resetState
FNDA:0,attachMouseEventListeners
FNDA:0,detachMouseEventListeners
FNDA:0,handleMouseEnter
FNDA:0,handleMouseLeave
FNDA:0,renderDownloadIcon
FNDA:0,renderExportIcon
FNDA:0,renderCancelIcon
DA:3,1
DA:6,39
DA:8,39
DA:9,39
DA:10,39
DA:12,39
DA:13,27
DA:14,27
DA:16,12
DA:17,12
DA:20,39
DA:21,39
DA:26,39
DA:29,0
DA:31,0
DA:32,0
DA:34,0
DA:38,0
DA:39,0
DA:41,0
DA:44,0
DA:45,0
DA:46,0
DA:47,0
DA:48,0
DA:49,0
DA:50,0
DA:51,0
DA:52,0
DA:53,0
DA:54,0
DA:58,0
DA:59,0
DA:62,0
DA:63,0
DA:64,0
DA:69,0
DA:70,0
DA:71,0
DA:74,0
DA:75,0
DA:78,0
DA:79,0
DA:82,0
DA:85,0
DA:86,0
DA:88,0
DA:92,0
DA:93,0
DA:94,0
DA:97,0
DA:98,0
DA:99,0
DA:102,0
DA:103,0
DA:104,0
LF:56
LH:13
BRDA:12,0,0,27
BRDA:12,0,1,12
BRDA:20,1,0,39
BRDA:20,1,1,39
BRDA:31,2,0,0
BRDA:31,2,1,0
BRDA:38,3,0,0
BRDA:38,3,1,0
BRDA:48,4,0,0
BRDA:48,4,1,0
BRDA:58,5,0,0
BRDA:58,5,1,0
BRDA:85,6,0,0
BRDA:85,6,1,0
BRF:14
BRH:4
end_of_record
TN:
SF:src/edit/actions/FreeRotateAction.js
FN:4,initialize
FN:15,addHooks
FNF:2
FNH:2
FNDA:27,initialize
FNDA:1,addHooks
DA:3,1
DA:5,27
DA:6,27
DA:12,27
DA:13,27
DA:16,1
DA:18,1
LF:7
LH:7
BRDA:5,0,0,27
BRDA:5,0,1,27
BRF:2
BRH:2
end_of_record
TN:
SF:src/edit/actions/GeolocateAction.js
FN:4,initialize
FN:15,addHooks
FNF:2
FNH:0
FNDA:0,initialize
FNDA:0,addHooks
DA:3,1
DA:5,0
DA:6,0
DA:7,0
DA:13,0
DA:16,0
DA:18,0
LF:7
LH:1
BRDA:6,0,0,0
BRDA:6,0,1,0
BRDA:11,1,0,0
BRDA:11,1,1,0
BRF:4
BRH:0
end_of_record
TN:
SF:src/edit/actions/LockAction.js
FN:4,initialize
FN:29,addHooks
FNF:2
FNH:1
FNDA:39,initialize
FNDA:0,addHooks
DA:3,1
DA:5,39
DA:9,39
DA:10,27
DA:11,27
DA:12,27
DA:13,27
DA:15,12
DA:16,12
DA:17,12
DA:20,39
DA:21,39
DA:27,39
DA:30,0
DA:32,0
DA:33,0
DA:35,0
LF:17
LH:13
BRDA:9,0,0,27
BRDA:9,0,1,12
BRDA:13,1,0,11
BRDA:13,1,1,16
BRDA:20,2,0,39
BRDA:20,2,1,39
BRDA:32,3,0,0
BRDA:32,3,1,0
BRF:8
BRH:6
end_of_record
TN:
SF:src/edit/actions/OpacityAction.js
FN:4,initialize
FN:28,addHooks
FNF:2
FNH:1
FNDA:27,initialize
FNDA:0,addHooks
DA:3,1
DA:5,27
DA:6,27
DA:10,27
DA:11,0
DA:12,0
DA:14,27
DA:15,27
DA:18,27
DA:19,27
DA:25,27
DA:26,27
DA:29,0
DA:30,0
DA:31,0
DA:32,0
DA:34,0
LF:17
LH:10
BRDA:10,0,0,0
BRDA:10,0,1,27
BRDA:18,1,0,27
BRDA:18,1,1,27
BRDA:23,2,0,11
BRDA:23,2,1,16
BRDA:25,3,0,11
BRDA:25,3,1,16
BRF:8
BRH:7
end_of_record
TN:
SF:src/edit/actions/RestoreAction.js
FN:4,initialize
FN:16,addHooks
FNF:2
FNH:0
FNDA:0,initialize
FNDA:0,addHooks
DA:3,1
DA:5,0
DA:6,0
DA:7,0
DA:8,0
DA:14,0
DA:17,0
DA:18,0
DA:22,0
LF:9
LH:1
BRDA:7,0,0,0
BRDA:7,0,1,0
BRDA:12,1,0,0
BRDA:12,1,1,0
BRDA:12,2,0,0
BRDA:12,2,1,0
BRF:6
BRH:0
end_of_record
TN:
SF:src/edit/actions/RotateAction.js
FN:4,initialize
FN:15,addHooks
FNF:2
FNH:1
FNDA:27,initialize
FNDA:0,addHooks
DA:3,1
DA:5,27
DA:6,27
DA:12,27
DA:13,27
DA:16,0
DA:18,0
LF:7
LH:5
BRDA:5,0,0,27
BRDA:5,0,1,27
BRF:2
BRH:2
end_of_record
TN:
SF:src/edit/actions/ScaleAction.js
FN:4,initialize
FN:15,addHooks
FNF:2
FNH:1
FNDA:26,initialize
FNDA:0,addHooks
DA:3,1
DA:5,26
DA:6,26
DA:12,26
DA:13,26
DA:16,0
DA:18,0
LF:7
LH:5
BRDA:5,0,0,26
BRDA:5,0,1,26
BRF:2
BRH:2
end_of_record
TN:
SF:src/edit/actions/StackAction.js
FN:4,initialize
FN:28,addHooks
FNF:2
FNH:0
FNDA:0,initialize
FNDA:0,addHooks
DA:3,1
DA:5,0
DA:9,0
DA:10,0
DA:11,0
DA:13,0
DA:14,0
DA:17,0
DA:18,0
DA:24,0
DA:25,0
DA:26,0
DA:29,0
DA:30,0
DA:31,0
DA:33,0
LF:16
LH:1
BRDA:9,0,0,0
BRDA:9,0,1,0
BRDA:17,1,0,0
BRDA:17,1,1,0
BRDA:22,2,0,0
BRDA:22,2,1,0
BRDA:24,3,0,0
BRDA:24,3,1,0
BRDA:25,4,0,0
BRDA:25,4,1,0
BRF:10
BRH:0
end_of_record
TN:
SF:src/edit/actions/UnlockAction.js
FN:4,initialize
FN:14,addHooks
FNF:2
FNH:1
FNDA:12,initialize
FNDA:0,addHooks
DA:3,1
DA:5,12
DA:6,12
DA:11,12
DA:12,12
DA:15,0
DA:17,0
LF:7
LH:5
BRDA:5,0,0,12
BRDA:5,0,1,12
BRF:2
BRH:2
end_of_record
TN:
SF:src/edit/handles/DistortHandle.js
FN:13,_onHandleDrag
FN:17,updateHandle
FN:22,(anonymous_2)
FNF:3
FNH:2
FNDA:0,_onHandleDrag
FNDA:616,updateHandle
FNDA:536,(anonymous_2)
DA:3,1
DA:14,0
DA:15,0
DA:18,616
DA:22,1
DA:23,536
LF:6
LH:4
BRF:0
BRH:0
end_of_record
TN:
SF:src/edit/handles/DragHandle.js
FN:13,_onHandleDrag
FN:19,updateHandle
FN:24,(anonymous_2)
FNF:3
FNH:2
FNDA:0,_onHandleDrag
FNDA:16,updateHandle
FNDA:536,(anonymous_2)
DA:3,1
DA:14,0
DA:15,0
DA:16,0
DA:17,0
DA:20,16
DA:24,1
DA:25,536
LF:8
LH:4
BRF:0
BRH:0
end_of_record
TN:
SF:src/edit/handles/EditHandle.js
FN:4,initialize
FN:20,onAdd
FN:27,onRemove
FN:32,_onHandleDragStart
FN:35,_onHandleDragEnd
FN:38,_fireEdit
FN:43,_bindListeners
FN:55,_unbindListeners
FN:69,_calculateScalingFactor
FN:84,_d2
FN:91,calculateAngleDelta
FNF:11
FNH:8
FNDA:3222,initialize
FNDA:672,onAdd
FNDA:140,onRemove
FNDA:0,_onHandleDragStart
FNDA:0,_onHandleDragEnd
FNDA:0,_fireEdit
FNDA:696,_bindListeners
FNDA:116,_unbindListeners
FNDA:3,_calculateScalingFactor
FNDA:6,_d2
FNDA:1,calculateAngleDelta
DA:3,1
DA:5,3222
DA:6,3222
DA:7,3222
DA:8,3222
DA:9,3222
DA:14,3222
DA:15,536
DA:18,3222
DA:21,672
DA:23,672
DA:25,672
DA:28,140
DA:30,140
DA:33,0
DA:36,0
DA:39,0
DA:41,0
DA:44,696
DA:51,696
DA:53,696
DA:56,116
DA:63,116
DA:65,116
DA:70,3
DA:71,3
DA:72,3
DA:73,3
DA:74,3
DA:76,3
DA:78,3
DA:80,3
DA:85,6
DA:86,6
DA:87,6
DA:92,1
DA:93,1
DA:94,1
DA:95,1
DA:96,1
DA:97,1
DA:98,1
DA:99,1
LF:43
LH:39
BRDA:14,0,0,536
BRDA:14,0,1,2686
BRDA:14,1,0,3222
BRDA:14,1,1,536
BRF:4
BRH:4
end_of_record
TN:
SF:src/edit/handles/FreeRotateHandle.js
FN:13,_onHandleDrag
FN:46,updateHandle
FN:51,(anonymous_2)
FNF:3
FNH:2
FNDA:0,_onHandleDrag
FNDA:8,updateHandle
FNDA:536,(anonymous_2)
DA:3,1
DA:14,0
DA:15,0
DA:16,0
DA:17,0
DA:18,0
DA:20,0
DA:22,0
DA:23,0
DA:26,0
DA:28,0
DA:29,0
DA:34,0
DA:35,0
DA:36,0
DA:37,0
DA:38,0
DA:40,0
DA:41,0
DA:43,0
DA:47,8
DA:51,1
DA:52,536
LF:23
LH:4
BRDA:22,0,0,0
BRDA:22,0,1,0
BRDA:28,1,0,0
BRDA:28,1,1,0
BRDA:40,2,0,0
BRDA:40,2,1,0
BRDA:40,3,0,0
BRDA:40,3,1,0
BRF:8
BRH:0
end_of_record
TN:
SF:src/edit/handles/LockHandle.js
FN:14,onRemove
FN:18,_bindListeners
FN:29,_unbindListeners
FN:42,_onHandleDrag
FN:43,updateHandle
FN:46,_tooltipOn
FN:59,(anonymous_6)
FN:69,(anonymous_7)
FN:79,_tooltipOff
FN:94,(anonymous_9)
FN:103,(anonymous_10)
FN:109,(anonymous_11)
FNF:12
FNH:5
FNDA:24,onRemove
FNDA:84,_bindListeners
FNDA:24,_unbindListeners
FNDA:0,_onHandleDrag
FNDA:84,updateHandle
FNDA:0,_tooltipOn
FNDA:0,(anonymous_6)
FNDA:0,(anonymous_7)
FNDA:0,_tooltipOff
FNDA:0,(anonymous_9)
FNDA:0,(anonymous_10)
FNDA:536,(anonymous_11)
DA:3,1
DA:15,24
DA:16,24
DA:19,84
DA:21,84
DA:23,84
DA:27,84
DA:30,24
DA:32,24
DA:34,24
DA:38,24
DA:44,84
DA:47,0
DA:48,0
DA:50,0
DA:51,0
DA:54,0
DA:55,0
DA:58,0
DA:59,0
DA:60,0
DA:61,0
DA:64,0
DA:65,0
DA:69,0
DA:70,0
DA:71,0
DA:76,0
DA:80,0
DA:81,0
DA:83,0
DA:84,0
DA:87,0
DA:88,0
DA:91,0
DA:93,0
DA:94,0
DA:95,0
DA:99,0
DA:100,0
DA:103,0
DA:104,0
DA:109,1
DA:110,536
LF:44
LH:14
BRDA:48,0,0,0
BRDA:48,0,1,0
BRDA:50,1,0,0
BRDA:50,1,1,0
BRDA:54,2,0,0
BRDA:54,2,1,0
BRDA:54,3,0,0
BRDA:54,3,1,0
BRDA:54,3,2,0
BRDA:60,4,0,0
BRDA:60,4,1,0
BRDA:64,5,0,0
BRDA:64,5,1,0
BRDA:70,6,0,0
BRDA:70,6,1,0
BRDA:81,7,0,0
BRDA:81,7,1,0
BRDA:83,8,0,0
BRDA:83,8,1,0
BRDA:87,9,0,0
BRDA:87,9,1,0
BRDA:87,10,0,0
BRDA:87,10,1,0
BRDA:87,10,2,0
BRDA:93,11,0,0
BRDA:93,11,1,0
BRDA:99,12,0,0
BRDA:99,12,1,0
BRF:28
BRH:0
end_of_record
TN:
SF:src/edit/handles/RotateHandle.js
FN:13,_onHandleDrag
FN:25,updateHandle
FN:30,(anonymous_2)
FNF:3
FNH:2
FNDA:0,_onHandleDrag
FNDA:20,updateHandle
FNDA:539,(anonymous_2)
DA:3,1
DA:14,0
DA:15,0
DA:16,0
DA:17,0
DA:23,0
DA:26,20
DA:30,1
DA:31,539
LF:9
LH:4
BRF:0
BRH:0
end_of_record
TN:
SF:src/edit/handles/ScaleHandle.js
FN:13,_onHandleDrag
FN:49,updateHandle
FN:54,(anonymous_2)
FNF:3
FNH:2
FNDA:0,_onHandleDrag
FNDA:12,updateHandle
FNDA:539,(anonymous_2)
DA:3,1
DA:14,0
DA:15,0
DA:16,0
DA:17,0
DA:18,0
DA:20,0
DA:27,0
DA:28,0
DA:33,0
DA:34,0
DA:35,0
DA:36,0
DA:37,0
DA:39,0
DA:40,0
DA:46,0
DA:50,12
DA:54,1
DA:55,539
LF:20
LH:4
BRDA:27,0,0,0
BRDA:27,0,1,0
BRDA:39,1,0,0
BRDA:39,1,1,0
BRDA:39,2,0,0
BRDA:39,2,1,0
BRF:6
BRH:0
end_of_record
TN:
SF:src/edit/toolbars/DistortableImage.ControlBar.js
FN:8,(anonymous_0)
FN:14,(anonymous_1)
FNF:2
FNH:2
FNDA:12,(anonymous_0)
FNDA:22,(anonymous_1)
DA:3,1
DA:4,1
DA:5,1
DA:6,1
DA:8,1
DA:9,12
DA:14,1
DA:16,22
DA:18,22
DA:22,22
DA:23,22
LF:11
LH:11
BRDA:3,0,0,1
BRDA:3,0,1,0
BRDA:22,1,0,0
BRDA:22,1,1,22
BRF:4
BRH:2
end_of_record
TN:
SF:src/edit/toolbars/DistortableImage.PopupBar.js
FN:10,initialize
FN:14,addHooks
FN:18,tools
FN:23,clickTool
FN:39,(anonymous_4)
FN:43,(anonymous_5)
FNF:6
FNH:5
FNDA:30,initialize
FNDA:0,addHooks
FNDA:4,tools
FNDA:4,clickTool
FNDA:30,(anonymous_4)
FNDA:134,(anonymous_5)
DA:3,1
DA:4,1
DA:5,1
DA:6,1
DA:11,30
DA:12,30
DA:15,0
DA:16,0
DA:19,4
DA:20,4
DA:24,4
DA:26,4
DA:27,12
DA:29,12
DA:30,4
DA:31,4
DA:35,0
DA:39,1
DA:40,30
DA:43,1
DA:45,134
DA:47,134
DA:55,134
DA:56,134
LF:24
LH:21
BRDA:3,0,0,1
BRDA:3,0,1,0
BRDA:19,1,0,4
BRDA:19,1,1,0
BRDA:29,2,0,4
BRDA:29,2,1,8
BRDA:55,3,0,4
BRDA:55,3,1,130
BRF:8
BRH:6
end_of_record
TN:
SF:src/iconsets/IconSet.js
FN:8,render
FN:12,addSymbols
FNF:2
FNH:2
FNDA:1,render
FNDA:1,addSymbols
DA:5,1
DA:9,1
DA:10,1
DA:13,1
LF:4
LH:4
BRF:0
BRH:0
end_of_record
TN:
SF:src/iconsets/KeymapperIconSet.js
FNF:0
FNH:0
DA:3,1
LF:1
LH:1
BRF:0
BRH:0
end_of_record
TN:
SF:src/iconsets/ToolbarIconSet.js
FNF:0
FNH:0
DA:4,1
LF:1
LH:1
BRF:0
BRH:0
end_of_record
TN:
SF:src/mapmixins/BoxCollector.js
FN:13,initialize
FN:20,addHooks
FN:23,removeHooks
FN:26,moved
FN:29,_destroy
FN:33,_resetState
FN:37,_clearDeferredResetState
FN:43,_onMouseDown
FN:63,_onMouseMove
FN:81,_finish
FN:95,_onMouseUp
FNF:11
FNH:2
FNDA:75,initialize
FNDA:75,addHooks
FNDA:0,removeHooks
FNDA:0,moved
FNDA:0,_destroy
FNDA:0,_resetState
FNDA:0,_clearDeferredResetState
FNDA:0,_onMouseDown
FNDA:0,_onMouseMove
FNDA:0,_finish
FNDA:0,_onMouseUp
DA:3,1
DA:12,1
DA:14,75
DA:15,75
DA:16,75
DA:17,75
DA:18,75
DA:21,75
DA:24,0
DA:27,0
DA:30,0
DA:31,0
DA:34,0
DA:35,0
DA:38,0
DA:39,0
DA:40,0
DA:44,0
DA:45,0
DA:50,0
DA:52,0
DA:54,0
DA:55,0
DA:56,0
DA:57,0
DA:64,0
DA:65,0
DA:66,0
DA:67,0
DA:69,0
DA:72,0
DA:73,0
DA:75,0
DA:77,0
DA:78,0
DA:79,0
DA:82,0
DA:83,0
DA:84,0
DA:87,0
DA:88,0
DA:89,0
DA:96,0
DA:97,0
DA:100,0
DA:102,0
DA:103,0
DA:108,0
DA:110,0
DA:111,0
DA:113,0
DA:115,0
DA:118,0
DA:120,0
DA:125,1
LF:55
LH:9
BRDA:38,0,0,0
BRDA:38,0,1,0
BRDA:44,1,0,0
BRDA:44,1,1,0
BRDA:44,2,0,0
BRDA:44,2,1,0
BRDA:44,2,2,0
BRDA:64,3,0,0
BRDA:64,3,1,0
BRDA:82,4,0,0
BRDA:82,4,1,0
BRDA:96,5,0,0
BRDA:96,5,1,0
BRDA:96,6,0,0
BRDA:96,6,1,0
BRDA:102,7,0,0
BRDA:102,7,1,0
BRF:17
BRH:0
end_of_record
TN:
SF:src/mapmixins/DoubleClickLabels.js
FN:12,enable
FN:30,disable
FN:39,_fireIfSingle
FN:48,(anonymous_3)
FN:62,_onDoubleClick
FN:65,(anonymous_5)
FNF:6
FNH:2
FNDA:76,enable
FNDA:75,disable
FNDA:0,_fireIfSingle
FNDA:0,(anonymous_3)
FNDA:0,_onDoubleClick
FNDA:0,(anonymous_5)
DA:3,1
DA:11,1
DA:13,76
DA:15,76
DA:16,0
DA:20,76
DA:21,76
DA:24,76
DA:26,76
DA:27,76
DA:28,76
DA:31,75
DA:32,0
DA:35,75
DA:36,75
DA:37,75
DA:40,0
DA:41,0
DA:43,0
DA:44,0
DA:47,0
DA:48,0
DA:49,0
DA:50,0
DA:51,0
DA:56,0
DA:57,0
DA:63,0
DA:64,0
DA:65,0
DA:66,0
DA:67,0
DA:70,0
DA:71,0
DA:74,0
DA:75,0
DA:76,0
DA:78,0
DA:79,0
DA:83,1
LF:40
LH:15
BRDA:15,0,0,0
BRDA:15,0,1,76
BRDA:20,1,0,76
BRDA:20,1,1,0
BRDA:31,2,0,0
BRDA:31,2,1,75
BRDA:43,3,0,0
BRDA:43,3,1,0
BRDA:43,4,0,0
BRDA:43,4,1,0
BRDA:49,5,0,0
BRDA:49,5,1,0
BRDA:56,6,0,0
BRDA:56,6,1,0
BRDA:56,7,0,0
BRDA:56,7,1,0
BRDA:56,7,2,0
BRDA:70,8,0,0
BRDA:70,8,1,0
BRDA:74,9,0,0
BRDA:74,9,1,0
BRF:21
BRH:3
end_of_record
TN:
SF:src/mapmixins/DoubleClickZoom.js
FN:9,addHooks
FN:15,removeHooks
FN:21,enable
FN:40,disable
FN:52,_fireIfSingle
FN:61,(anonymous_5)
FN:78,_onDoubleClick
FN:81,(anonymous_7)
FNF:8
FNH:6
FNDA:226,addHooks
FNDA:151,removeHooks
FNDA:150,enable
FNDA:76,disable
FNDA:8,_fireIfSingle
FNDA:7,(anonymous_5)
FNDA:0,_onDoubleClick
FNDA:0,(anonymous_7)
DA:8,1
DA:10,226
DA:16,151
DA:22,150
DA:23,0
DA:27,150
DA:28,75
DA:29,0
DA:34,150
DA:36,150
DA:37,150
DA:38,150
DA:41,76
DA:42,0
DA:46,76
DA:48,76
DA:49,76
DA:50,76
DA:53,8
DA:54,8
DA:56,8
DA:57,0
DA:60,8
DA:61,8
DA:62,7
DA:63,7
DA:64,7
DA:69,0
DA:73,0
DA:79,0
DA:80,0
DA:81,0
DA:82,0
DA:83,0
DA:86,0
DA:87,0
DA:90,0
DA:91,0
DA:92,0
DA:94,0
DA:95,0
DA:97,0
LF:42
LH:23
BRDA:22,0,0,0
BRDA:22,0,1,150
BRDA:27,1,0,75
BRDA:27,1,1,75
BRDA:28,2,0,0
BRDA:28,2,1,75
BRDA:41,3,0,0
BRDA:41,3,1,76
BRDA:56,4,0,0
BRDA:56,4,1,8
BRDA:56,5,0,8
BRDA:56,5,1,1
BRDA:62,6,0,7
BRDA:62,6,1,0
BRDA:69,7,0,0
BRDA:69,7,1,0
BRDA:69,8,0,0
BRDA:69,8,1,0
BRDA:69,8,2,0
BRDA:86,9,0,0
BRDA:86,9,1,0
BRDA:92,10,0,0
BRDA:92,10,1,0
BRDA:94,11,0,0
BRDA:94,11,1,0
BRF:25
BRH:9
end_of_record
TN:
SF:src/mapmixins/MapMixins.js
FN:6,addGoogleMutant
FN:41,_addLabels
FN:68,(anonymous_2)
FNF:3
FNH:3
FNDA:1,addGoogleMutant
FNDA:1,_addLabels
FNDA:75,(anonymous_2)
DA:4,1
DA:7,1
DA:8,1
DA:18,1
DA:19,0
DA:25,1
DA:32,1
DA:33,1
DA:36,0
DA:39,1
DA:42,1
DA:44,1
DA:45,0
DA:48,1
DA:59,1
DA:60,1
DA:63,1
DA:68,1
DA:69,75
DA:70,75
LF:20
LH:17
BRDA:18,0,0,0
BRDA:18,0,1,1
BRDA:20,1,0,0
BRDA:20,1,1,0
BRDA:21,2,0,0
BRDA:21,2,1,0
BRDA:32,3,0,1
BRDA:32,3,1,0
BRDA:44,4,0,0
BRDA:44,4,1,1
BRDA:44,5,0,1
BRDA:44,5,1,1
BRDA:59,6,0,1
BRDA:59,6,1,0
BRF:14
BRH:6
end_of_record
TN:
SF:src/util/DomUtil.js
FN:4,initTranslation
FN:7,getMatrixString
FN:26,toggleClass
FN:30,confirmDelete
FN:33,confirmDeletes
FNF:5
FNH:4
FNDA:156,initTranslation
FNDA:289,getMatrixString
FNDA:26,toggleClass
FNDA:0,confirmDelete
FNDA:2,confirmDeletes
DA:3,1
DA:5,156
DA:8,289
DA:17,289
DA:18,289
DA:20,289
DA:21,0
DA:24,289
DA:27,26
DA:28,26
DA:31,0
DA:34,2
DA:35,0
DA:38,2
DA:39,2
DA:41,2
DA:42,0
DA:44,2
DA:47,2
LF:19
LH:15
BRDA:8,0,0,289
BRDA:8,0,1,0
BRDA:8,0,2,0
BRDA:18,1,0,289
BRDA:18,1,1,0
BRDA:20,2,0,0
BRDA:20,2,1,289
BRDA:28,3,0,1
BRDA:28,3,1,25
BRDA:34,4,0,0
BRDA:34,4,1,2
BRDA:41,5,0,0
BRDA:41,5,1,2
BRF:13
BRH:7
end_of_record
TN:
SF:src/util/IconUtil.js
FN:9,create
FN:16,addClassToSvg
FN:24,toggleXlink
FN:43,toggleTitle
FNF:4
FNH:1
FNDA:318,create
FNDA:0,addClassToSvg
FNDA:0,toggleXlink
FNDA:0,toggleTitle
DA:3,1
DA:10,318
DA:11,0
DA:14,318
DA:17,0
DA:19,0
DA:20,0
DA:25,0
DA:26,0
DA:29,0
DA:30,0
DA:33,0
DA:35,0
DA:36,0
DA:37,0
DA:38,0
DA:41,0
DA:44,0
DA:45,0
DA:47,0
DA:48,0
DA:51,0
LF:22
LH:3
BRDA:10,0,0,0
BRDA:10,0,1,318
BRDA:19,1,0,0
BRDA:19,1,1,0
BRDA:25,2,0,0
BRDA:25,2,1,0
BRDA:29,3,0,0
BRDA:29,3,1,0
BRDA:35,4,0,0
BRDA:35,4,1,0
BRDA:36,5,0,0
BRDA:36,5,1,0
BRDA:44,6,0,0
BRDA:44,6,1,0
BRDA:47,7,0,0
BRDA:47,7,1,0
BRF:16
BRH:1
end_of_record
TN:
SF:src/util/ImageUtil.js
FN:4,getCmPerPixel
FNF:1
FNH:0
FNDA:0,getCmPerPixel
DA:3,1
DA:5,0
DA:6,0
DA:7,0
LF:4
LH:1
BRF:0
BRH:0
end_of_record
TN:
SF:src/util/MatrixUtil.js
FN:5,adj
FN:9,multmm
FN:28,multmv
FN:32,multsm
FN:41,basisToPoints
FN:46,project
FN:50,general2DProjection
FNF:7
FNH:6
FNDA:873,adj
FNDA:875,multmm
FNDA:582,multmv
FNDA:292,multsm
FNDA:582,basisToPoints
FNDA:0,project
FNDA:291,general2DProjection
DA:3,1
DA:6,873
DA:10,875
DA:13,875
DA:14,2625
DA:15,7875
DA:17,7875
DA:18,23625
DA:21,7875
DA:25,875
DA:29,582
DA:33,292
DA:35,292
DA:36,2628
DA:39,292
DA:42,582
DA:43,582
DA:44,582
DA:47,0
DA:48,0
DA:51,291
DA:52,291
DA:53,291
DA:56,291
LF:24
LH:22
BRF:0
BRH:0
end_of_record
TN:
SF:src/util/TrigUtil.js
FN:4,calcAngle
FN:8,radiansToDegrees
FN:11,degreesToRadians
FNF:3
FNH:3
FNDA:601,calcAngle
FNDA:308,radiansToDegrees
FNDA:14,degreesToRadians
DA:3,1
DA:5,601
DA:6,601
DA:9,308
DA:12,14
LF:5
LH:5
BRDA:5,0,0,601
BRDA:5,0,1,0
BRDA:5,1,0,601
BRDA:5,1,1,601
BRDA:6,2,0,0
BRDA:6,2,1,601
BRF:6
BRH:4
end_of_record
TN:
SF:src/util/Utils.js
FN:4,initTranslation
FN:43,getNestedVal
FN:45,(anonymous_2)
FNF:3
FNH:3
FNDA:156,initTranslation
FNDA:22,getNestedVal
FNDA:44,(anonymous_2)
DA:3,1
DA:5,156
DA:30,156
DA:31,156
DA:34,0
DA:35,0
DA:36,0
DA:41,156
DA:44,22
DA:45,22
DA:46,44
LF:11
LH:8
BRDA:30,0,0,156
BRDA:30,0,1,0
BRDA:35,1,0,0
BRDA:35,1,1,0
BRDA:46,2,0,44
BRDA:46,2,1,44
BRF:6
BRH:3
end_of_record
